  Using 'git status' to determine working set for adaptive non-unity build (G:\adventure-repository).
  Parsing headers for GCAAEditor
    Running UnrealHeaderTool "G:\adventure-repository\GCAA\GCAA.uproject" "G:\adventure-repository\GCAA\Intermediate\Build\Win64\GCAAEditor\Development\GCAAEditor.uhtmanifest" -LogCmds="loginit warning, logexit warning, logdatabase error" -Unattended -WarningsAsErrors -abslog="C:\Users\Bib\AppData\Local\UnrealBuildTool\Log_UHT.txt" -installed
  Reflection code generated for GCAAEditor in 4.1926097 seconds
  Building GCAAEditor...
  Using Visual Studio 2019 14.28.29333 toolchain (C:\Program Files (x86)\Microsoft Visual Studio\2019\Community\VC\Tools\MSVC\14.28.29333) and Windows 10.0.18362.0 SDK (C:\Program Files (x86)\Windows Kits\10).
  [Adaptive unity build] Excluded from GCAA unity file: CPlayer.cpp
  Building 6 actions with 12 processes...
    [1/6] CPlayer.cpp
G:\adventure-repository\GCAA\Source\GCAA\CPlayer.h(223): warning C4263: 'void ACPlayer::TakeDamage(float)': member function does not override any base class virtual member function
G:\adventure-repository\GCAA\Source\GCAA\CPlayer.h(399): warning C4264: 'float APawn::TakeDamage(float,const FDamageEvent &,AController *,AActor *)': no override available for virtual member function from base 'APawn'; function is hidden
    E:\Games\UE_4.26Chaos\Engine\Source\Runtime\Engine\Classes\GameFramework/Pawn.h(247): note: see declaration of 'APawn::TakeDamage'
    E:\Games\UE_4.26Chaos\Engine\Source\Runtime\Engine\Classes\GameFramework/PlayerController.h(31): note: see declaration of 'APawn'
    [2/6] Module.GCAA.gen.cpp
G:\adventure-repository\GCAA\Source\GCAA\CPlayer.h(223): warning C4263: 'void ACPlayer::TakeDamage(float)': member function does not override any base class virtual member function
G:\adventure-repository\GCAA\Source\GCAA\CPlayer.h(399): warning C4264: 'float APawn::TakeDamage(float,const FDamageEvent &,AController *,AActor *)': no override available for virtual member function from base 'APawn'; function is hidden
    E:\Games\UE_4.26Chaos\Engine\Source\Runtime\Engine\Classes\GameFramework/Pawn.h(247): note: see declaration of 'APawn::TakeDamage'
    E:\Games\UE_4.26Chaos\Engine\Intermediate\Build\Win64\UE4Editor\Inc\Engine\GameModeBase.generated.h(14): note: see declaration of 'APawn'
    [3/6] Module.GCAA.cpp
G:\adventure-repository\GCAA\Source\GCAA/CPlayer.h(223): warning C4263: 'void ACPlayer::TakeDamage(float)': member function does not override any base class virtual member function
G:\adventure-repository\GCAA\Source\GCAA/CPlayer.h(399): warning C4264: 'float APawn::TakeDamage(float,const FDamageEvent &,AController *,AActor *)': no override available for virtual member function from base 'APawn'; function is hidden
    E:\Games\UE_4.26Chaos\Engine\Source\Runtime\Engine\Classes\GameFramework/Pawn.h(247): note: see declaration of 'APawn::TakeDamage'
    E:\Games\UE_4.26Chaos\Engine\Source\Runtime\Engine\Classes\GameFramework/PlayerController.h(31): note: see declaration of 'APawn'
    [4/6] UE4Editor-GCAA-0141.lib
       Creating library G:\adventure-repository\GCAA\Intermediate\Build\Win64\UE4Editor\Development\GCAA\UE4Editor-GCAA-0141.lib and object G:\adventure-repository\GCAA\Intermediate\Build\Win64\UE4Editor\Development\GCAA\UE4Editor-GCAA-0141.exp
    [5/6] UE4Editor-GCAA-0141.dll
       Creating library G:\adventure-repository\GCAA\Intermediate\Build\Win64\UE4Editor\Development\GCAA\UE4Editor-GCAA-0141.suppressed.lib and object G:\adventure-repository\GCAA\Intermediate\Build\Win64\UE4Editor\Development\GCAA\UE4Editor-GCAA-0141.suppressed.exp
    [6/6] GCAAEditor.target
  Total time in Parallel executor: 23.37 seconds
  Total execution time: 28.43 seconds
