"H:/Game Dev/Unreal/Mod4/adventure-repository/GCAA/Content/ControllerScheme_01.uasset" 0
"H:/Game Dev/Unreal/Mod4/adventure-repository/GCAA/Content/nrkis.uasset" 1
"H:/Game Dev/Unreal/Mod4/adventure-repository/GCAA/Content/nrkis_Font.uasset" 2
"../../../Engine/Content/EditorBlueprintResources/StandardMacros.uasset" 3
"H:/Game Dev/Unreal/Mod4/adventure-repository/GCAA/Content/Blueprints/UI/UIImages/BtnPressed.uasset" 4
"H:/Game Dev/Unreal/Mod4/adventure-repository/GCAA/Content/Blueprints/UI/UIImages/BtnHovered.uasset" 5
"H:/Game Dev/Unreal/Mod4/adventure-repository/GCAA/Content/Audio/Music.uasset" 6
"H:/Game Dev/Unreal/Mod4/adventure-repository/GCAA/Content/Audio/Dialogue.uasset" 7
"H:/Game Dev/Unreal/Mod4/adventure-repository/GCAA/Content/Audio/Master.uasset" 8
"H:/Game Dev/Unreal/Mod4/adventure-repository/GCAA/Content/Audio/Effects.uasset" 9
"H:/Game Dev/Unreal/Mod4/adventure-repository/GCAA/Content/Blueprints/UI/UIImages/beep.uasset" 10
"H:/Game Dev/Unreal/Mod4/adventure-repository/GCAA/Content/Blueprints/UI/UI_CreditMenu.uasset" 11
"H:/Game Dev/Unreal/Mod4/adventure-repository/GCAA/Content/Blueprints/UI/UI_InventoryItem.uasset" 12
"H:/Game Dev/Unreal/Mod4/adventure-repository/GCAA/Content/Audio/S_Options.uasset" 13
"H:/Game Dev/Unreal/Mod4/adventure-repository/GCAA/Content/Audio/BP_SaveOptions.uasset" 14
"H:/Game Dev/Unreal/Mod4/adventure-repository/GCAA/Content/Audio/E_SoundChannel.uasset" 15
"H:/Game Dev/Unreal/Mod4/adventure-repository/GCAA/Content/Audio/MixGlobal.uasset" 16
"H:/Game Dev/Unreal/Mod4/adventure-repository/GCAA/Content/Store_Variables.uasset" 17
"H:/Game Dev/Unreal/Mod4/adventure-repository/GCAA/Content/Blueprints/UI/UIImages/SliderThumbHovered.uasset" 18
"H:/Game Dev/Unreal/Mod4/adventure-repository/GCAA/Content/Blueprints/UI/UIImages/SliderThumb.uasset" 19
"H:/Game Dev/Unreal/Mod4/adventure-repository/GCAA/Content/Blueprints/UI/UIImages/OptionsBarFillNormal.uasset" 20
"H:/Game Dev/Unreal/Mod4/adventure-repository/GCAA/Content/Blueprints/UI/UIImages/OptionsBarFill.uasset" 21
"H:/Game Dev/Unreal/Mod4/adventure-repository/GCAA/Content/Blueprints/UI/UIImages/OptionsBG.uasset" 22
"H:/Game Dev/Unreal/Mod4/adventure-repository/GCAA/Content/Blueprints/UI/WBP_MenuBackgrounds.uasset" 23
"H:/Game Dev/Unreal/Mod4/adventure-repository/GCAA/Content/Blueprints/UI/UIImages/Sub_title_bar-1_2x.uasset" 24
"H:/Game Dev/Unreal/Mod4/adventure-repository/GCAA/Content/Blueprints/UI/UI_OptionsMenu.uasset" 25
"H:/Game Dev/Unreal/Mod4/adventure-repository/GCAA/Content/Blueprints/UI/Assets/creditsMenu1.uasset" 26
"H:/Game Dev/Unreal/Mod4/adventure-repository/GCAA/Content/Blueprints/UI/Assets/creditsMenu2.uasset" 27
"H:/Game Dev/Unreal/Mod4/adventure-repository/GCAA/Content/Blueprints/UI/Assets/JournalPage001.uasset" 28
"H:/Game Dev/Unreal/Mod4/adventure-repository/GCAA/Content/Blueprints/UI/Assets/JournalPage002.uasset" 29
"H:/Game Dev/Unreal/Mod4/adventure-repository/GCAA/Content/Blueprints/UI/Assets/JournalPage003.uasset" 30
"H:/Game Dev/Unreal/Mod4/adventure-repository/GCAA/Content/Blueprints/UI/Assets/JournalPageMissing.uasset" 31
"H:/Game Dev/Unreal/Mod4/adventure-repository/GCAA/Content/Blueprints/UI/Assets/JournalPageNotCollectedYet.uasset" 32
"H:/Game Dev/Unreal/Mod4/adventure-repository/GCAA/Content/Blueprints/UI/Assets/JournalPageNotYetCollected.uasset" 33
"H:/Game Dev/Unreal/Mod4/adventure-repository/GCAA/Content/Blueprints/UI/Assets/OptionsMenu1.uasset" 34
"../../../Engine/Content/EngineMeshes/Humanoid.uasset" 35
"H:/Game Dev/Unreal/Mod4/adventure-repository/GCAA/Content/Mannequin/Character/Mesh/UE4_Mannequin_Skeleton.uasset" 36
"H:/Game Dev/Unreal/Mod4/adventure-repository/GCAA/Content/Mannequin/Character/Mesh/SK_Mannequin_PhysicsAsset.uasset" 37
"H:/Game Dev/Unreal/Mod4/adventure-repository/GCAA/Content/Mannequin/Character/Textures/T_UE4Logo_N.uasset" 38
"H:/Game Dev/Unreal/Mod4/adventure-repository/GCAA/Content/Mannequin/Character/Textures/T_UE4Logo_Mask.uasset" 39
"H:/Game Dev/Unreal/Mod4/adventure-repository/GCAA/Content/Mannequin/Character/Textures/T_Male_N.uasset" 40
"H:/Game Dev/Unreal/Mod4/adventure-repository/GCAA/Content/Mannequin/Character/Textures/T_Male_Mask.uasset" 41
"H:/Game Dev/Unreal/Mod4/adventure-repository/GCAA/Content/Mannequin/Character/Materials/MaterialLayers/T_ML_Rubber_Blue_01_N.uasset" 42
"H:/Game Dev/Unreal/Mod4/adventure-repository/GCAA/Content/Mannequin/Character/Materials/MaterialLayers/T_ML_Rubber_Blue_01_D.uasset" 43
"H:/Game Dev/Unreal/Mod4/adventure-repository/GCAA/Content/Mannequin/Character/Materials/MaterialLayers/T_ML_Aluminum01_N.uasset" 44
"H:/Game Dev/Unreal/Mod4/adventure-repository/GCAA/Content/Mannequin/Character/Materials/MaterialLayers/T_ML_Aluminum01.uasset" 45
"../../../Engine/Content/Functions/Engine_MaterialFunctions02/Utility/BlendAngleCorrectedNormals.uasset" 46
"H:/Game Dev/Unreal/Mod4/adventure-repository/GCAA/Content/Mannequin/Character/Materials/MaterialLayers/ML_SoftMetal_UE4.uasset" 47
"H:/Game Dev/Unreal/Mod4/adventure-repository/GCAA/Content/Mannequin/Character/Materials/MaterialLayers/ML_Plastic_Shiny_Beige_LOGO.uasset" 48
"H:/Game Dev/Unreal/Mod4/adventure-repository/GCAA/Content/Mannequin/Character/Materials/MaterialLayers/ML_Plastic_Shiny_Beige.uasset" 49
"H:/Game Dev/Unreal/Mod4/adventure-repository/GCAA/Content/Mannequin/Character/Materials/MaterialLayers/ML_GlossyBlack_Latex_UE4.uasset" 50
"../../../Engine/Content/Functions/MaterialLayerFunctions/MatLayerBlend_Simple.uasset" 51
"../../../Engine/Content/Functions/MaterialLayerFunctions/MatLayerBlend_NormalBlend.uasset" 52
"H:/Game Dev/Unreal/Mod4/adventure-repository/GCAA/Content/Mannequin/Character/Materials/M_Male_Body.uasset" 53
"H:/Game Dev/Unreal/Mod4/adventure-repository/GCAA/Content/Mannequin/Character/Materials/M_UE4Man_ChestLogo.uasset" 54
"H:/Game Dev/Unreal/Mod4/adventure-repository/GCAA/Content/Mannequin/Character/Mesh/SK_Mannequin.uasset" 55
"H:/Game Dev/Unreal/Mod4/adventure-repository/GCAA/Content/Mannequin/Animations/ThirdPersonIdle.uasset" 56
"H:/Game Dev/Unreal/Mod4/adventure-repository/GCAA/Content/Mannequin/Animations/ThirdPersonWalk.uasset" 57
"H:/Game Dev/Unreal/Mod4/adventure-repository/GCAA/Content/Mannequin/Animations/ThirdPersonRun.uasset" 58
"H:/Game Dev/Unreal/Mod4/adventure-repository/GCAA/Content/Mannequin/Animations/ThirdPerson_IdleRun_2D.uasset" 59
"H:/Game Dev/Unreal/Mod4/adventure-repository/GCAA/Content/Mannequin/Animations/ThirdPersonJump_Start.uasset" 60
"H:/Game Dev/Unreal/Mod4/adventure-repository/GCAA/Content/Mannequin/Animations/ThirdPersonJump_Loop.uasset" 61
"H:/Game Dev/Unreal/Mod4/adventure-repository/GCAA/Content/Mannequin/Animations/ThirdPerson_Jump.uasset" 62
"H:/Game Dev/Unreal/Mod4/adventure-repository/GCAA/Content/Mannequin/Animations/ThirdPerson_AnimBP.uasset" 63
"H:/Game Dev/Unreal/Mod4/adventure-repository/GCAA/Content/ThirdPersonCPP/Blueprints/ThirdPersonCharacter.uasset" 64
"../../../Engine/Content/EngineMaterials/T_Default_Material_Grid_N.uasset" 65
"../../../Engine/Content/EngineMaterials/T_Default_Material_Grid_M.uasset" 66
"../../../Engine/Content/Functions/Engine_MaterialFunctions01/Opacity/CameraDepthFade.uasset" 67
"../../../Engine/Content/EngineMaterials/WorldGridMaterial.uasset" 68
"../../../Engine/Content/ArtTools/RenderToTexture/Meshes/S_1_Unit_Plane.uasset" 69
"../../../Engine/Content/EditorLandscapeResources/DataLayer.uasset" 70
"../../../Engine/Content/EditorLandscapeResources/DefaultAlphaTexture.uasset" 71
"../../../Engine/Content/EditorMaterials/MAT_Groups_Toggle.uasset" 72
"../../../Engine/Content/EditorMaterials/MAT_Groups_Visibility.uasset" 73
"../../../Engine/Content/EditorMaterials/PreviewShadowIndicator.uasset" 74
"../../../Engine/Content/EditorMaterials/PreviewShadowIndicatorMaterial.uasset" 75
"../../../Engine/Content/EditorMaterials/MatineeGroups/MAT_ColorTrack.uasset" 76
"../../../Engine/Content/EditorMaterials/MatineeGroups/MAT_Groups_Anim.uasset" 77
"../../../Engine/Content/EditorMaterials/MatineeGroups/MAT_Groups_AudioMaster.uasset" 78
"../../../Engine/Content/EditorMaterials/MatineeGroups/MAT_Groups_Director.uasset" 79
"../../../Engine/Content/EditorMaterials/MatineeGroups/MAT_Groups_Event.uasset" 80
"../../../Engine/Content/EditorMaterials/MatineeGroups/MAT_Groups_Fade.uasset" 81
"../../../Engine/Content/EditorMaterials/MatineeGroups/MAT_Groups_Float.uasset" 82
"../../../Engine/Content/EditorMaterials/MatineeGroups/MAT_Groups_Move.uasset" 83
"../../../Engine/Content/EditorMaterials/MatineeGroups/MAT_Groups_Slomo.uasset" 84
"../../../Engine/Content/EditorMaterials/MatineeGroups/MAT_Groups_Sound.uasset" 85
"../../../Engine/Content/EditorMaterials/MatineeGroups/MAT_Groups_Vector.uasset" 86
"../../../Engine/Content/EditorMaterials/ParticleSystems/PSysThumbnail_NoImage.uasset" 87
"../../../Engine/Content/EditorMaterials/ParticleSystems/PSysThumbnail_OOD.uasset" 88
"../../../Engine/Content/EditorMaterials/Camera/CineMat.uasset" 89
"../../../Engine/Content/EditorMaterials/Camera/MI_CineMat_Rig.uasset" 90
"../../../Engine/Content/EditorMeshes/Camera/SM_CraneRig_Arm.uasset" 91
"../../../Engine/Content/EditorMeshes/Camera/SM_CraneRig_Base.uasset" 92
"../../../Engine/Content/EditorMeshes/Camera/SM_CraneRig_Body.uasset" 93
"../../../Engine/Content/EditorMeshes/Camera/SM_CraneRig_Mount.uasset" 94
"../../../Engine/Content/EditorMeshes/Camera/SM_RailRig_Mount.uasset" 95
"../../../Engine/Content/EditorMeshes/Camera/SM_RailRig_Track.uasset" 96
"../../../Engine/Content/EditorResources/BSPVertex.uasset" 97
"../../../Engine/Content/EditorResources/EmptyActor.uasset" 98
"../../../Engine/Content/EditorResources/S_Actor.uasset" 99
"../../../Engine/Content/EditorResources/S_KPrismatic.uasset" 100
"../../../Engine/Content/EditorResources/S_Note.uasset" 101
"../../../Engine/Content/EditorResources/S_Solver.uasset" 102
"../../../Engine/Content/EditorResources/S_Terrain.uasset" 103
"../../../Engine/Content/EditorResources/S_Trigger.uasset" 104
"../../../Engine/Content/EditorResources/AudioIcons/S_AudioComponent_AutoActivate.uasset" 105
"../../../Engine/Content/EditorResources/LightIcons/S_LightError.uasset" 106
"../../../Engine/Content/EditorResources/SequenceRecorder/Countdown.uasset" 107
"../../../Engine/Content/EditorResources/SequenceRecorder/RecordingIndicator.uasset" 108
"../../../Engine/Content/EngineDamageTypes/DmgTypeBP_Environmental.uasset" 109
"../../../Engine/Content/EngineDebugMaterials/DebugEditorMaterial.uasset" 110
"../../../Engine/Content/EngineDebugMaterials/DebugMeshMaterial.uasset" 111
"../../../Engine/Content/EngineDebugMaterials/M_SimpleUnlitTranslucent.uasset" 112
"../../../Engine/Content/EngineDebugMaterials/VolumeToRender.uasset" 113
"../../../Engine/Content/Functions/Engine_MaterialFunctions02/Utility/CameraDirectionVector.uasset" 114
"../../../Engine/Content/EngineDebugMaterials/M_VolumeRenderSphereTracePP.uasset" 115
"../../../Engine/Content/Functions/Engine_MaterialFunctions01/Shading/ConvertFromDiffSpec.uasset" 116
"../../../Engine/Content/EngineDebugMaterials/VertexColorMaterial.uasset" 117
"../../../Engine/Content/EngineDebugMaterials/WireframeMaterial.uasset" 118
"../../../Engine/Content/EngineFonts/Faces/RobotoRegular.uasset" 119
"../../../Engine/Content/EngineFonts/Faces/RobotoLight.uasset" 120
"../../../Engine/Content/EngineFonts/Faces/RobotoItalic.uasset" 121
"../../../Engine/Content/EngineFonts/Faces/RobotoBoldItalic.uasset" 122
"../../../Engine/Content/EngineFonts/Faces/RobotoBold.uasset" 123
"../../../Engine/Content/EngineFonts/Faces/DroidSansFallback.uasset" 124
"../../../Engine/Content/EngineFonts/Roboto.uasset" 125
"../../../Engine/Content/EngineMaterials/BaseFlattenNormalMap.uasset" 126
"../../../Engine/Content/EngineMaterials/BaseFlattenGrayscaleMap.uasset" 127
"../../../Engine/Content/EngineMaterials/BaseFlattenEmissiveMap.uasset" 128
"../../../Engine/Content/EngineMaterials/BaseFlattenDiffuseMap.uasset" 129
"../../../Engine/Content/EngineMaterials/BaseFlattenMaterial.uasset" 130
"../../../Engine/Content/EngineMaterials/BlueNoise.uasset" 131
"../../../Engine/Content/EngineMaterials/DefaultBloomKernel.uasset" 132
"../../../Engine/Content/EngineMaterials/DefaultBokeh.uasset" 133
"../../../Engine/Content/EngineMaterials/DefaultDiffuse.uasset" 134
"../../../Engine/Content/EngineMaterials/DefaultDeferredDecalMaterial.uasset" 135
"../../../Engine/Content/EngineMaterials/DefaultLightFunctionMaterial.uasset" 136
"../../../Engine/Content/EngineMaterials/DefaultPhysicalMaterial.uasset" 137
"../../../Engine/Content/Functions/Engine_MaterialFunctions02/Utility/BreakOutFloat2Components.uasset" 138
"../../../Engine/Content/EngineMaterials/DefaultPostProcessMaterial.uasset" 139
"../../../Engine/Content/EngineFonts/RobotoDistanceField.uasset" 140
"../../../Engine/Content/EngineMaterials/DefaultTextMaterialOpaque.uasset" 141
"../../../Engine/Content/EngineMaterials/DefaultWhiteGrid.uasset" 142
"../../../Engine/Content/EngineMaterials/DefaultWhiteGrid_Low.uasset" 143
"../../../Engine/Content/EngineMaterials/EmissiveMeshMaterial.uasset" 144
"../../../Engine/Content/EngineMaterials/GizmoMaterial.uasset" 145
"../../../Engine/Content/EngineMaterials/Good64x64TilingNoiseHighFreq.uasset" 146
"../../../Engine/Content/EngineMaterials/MiniFont.uasset" 147
"../../../Engine/Content/EngineMaterials/InvalidLightmapSettings.uasset" 148
"../../../Engine/Content/EngineMaterials/M_InvalidLightmapSettings.uasset" 149
"../../../Engine/Content/Functions/Engine_MaterialFunctions02/WorldPositionOffset/CameraOffset.uasset" 150
"../../../Engine/Content/EngineMaterials/PhAT_JointLimitMaterial.uasset" 151
"../../../Engine/Content/EngineMaterials/PreintegratedSkinBRDF.uasset" 152
"../../../Engine/Content/EngineMaterials/RemoveSurfaceMaterial.uasset" 153
"../../../Engine/Content/EngineMaterials/WeightMapPlaceholderTexture.uasset" 154
"../../../Engine/Content/EngineResources/WhiteSquareTexture.uasset" 155
"../../../Engine/Content/EngineMaterials/Widget3DPassThrough.uasset" 156
"../../../Engine/Content/EngineMaterials/Widget3DPassThrough_Masked.uasset" 157
"../../../Engine/Content/EngineMaterials/Widget3DPassThrough_Opaque.uasset" 158
"../../../Engine/Content/EngineMaterials/Widget3DPassThrough_Masked_OneSided.uasset" 159
"../../../Engine/Content/EngineMaterials/Widget3DPassThrough_Opaque_OneSided.uasset" 160
"../../../Engine/Content/EngineMaterials/Widget3DPassThrough_Translucent.uasset" 161
"../../../Engine/Content/EngineMaterials/Widget3DPassThrough_Translucent_OneSided.uasset" 162
"../../../Engine/Content/EngineMaterials/DefaultMaterial.uasset" 163
"../../../Engine/Content/EngineMeshes/Cylinder.uasset" 164
"../../../Engine/Content/EngineResources/DefaultTextureCube.uasset" 165
"../../../Engine/Content/EngineResources/DefaultVolumeTexture2D.uasset" 166
"../../../Engine/Content/EngineResources/DefaultVolumeTexture.uasset" 167
"../../../Engine/Content/EngineResources/GradientTexture0.uasset" 168
"../../../Engine/Content/EngineSky/VolumetricClouds/T_NoiseShape64.uasset" 169
"../../../Engine/Content/EngineSky/VolumetricClouds/T_VolumeNoiseShape64.uasset" 170
"../../../Engine/Content/EngineSky/VolumetricClouds/T_NoiseErosion.uasset" 171
"../../../Engine/Content/EngineSky/VolumetricClouds/T_VolumeNoiseErosion32.uasset" 172
"../../../Engine/Content/EngineSky/VolumetricClouds/CloudWeatherTexture.uasset" 173
"../../../Engine/Content/EngineSky/VolumetricClouds/CloudGradientTexture.uasset" 174
"../../../Engine/Content/Functions/Engine_MaterialFunctions02/Utility/MakeFloat2.uasset" 175
"../../../Engine/Content/EngineSky/VolumetricClouds/m_SimpleVolumetricCloud.uasset" 176
"../../../Engine/Content/EngineSky/VolumetricClouds/m_SimpleVolumetricCloud_Inst.uasset" 177
"../../../Engine/Content/EngineSounds/Master.uasset" 178
"../../../Engine/Content/Functions/Engine_MaterialFunctions01/Shading/PowerToRoughness.uasset" 179
"../../../Engine/Content/Maps/Templates/Thumbnails/Default.uasset" 180
"../../../Engine/Content/Maps/Templates/Thumbnails/TimeOfDay.uasset" 181
"../../../Engine/Content/Maps/Templates/Thumbnails/VR-Basic.uasset" 182
"../../../Engine/Content/MobileResources/T_MobileControls_texture.uasset" 183
"../../../Engine/Content/MobileResources/T_MobileMenu2.uasset" 184
"../../../Engine/Content/MobileResources/HUD/AnalogHat.uasset" 185
"../../../Engine/Content/MobileResources/HUD/VirtualJoystick_Thumb.uasset" 186
"../../../Engine/Content/MobileResources/HUD/VirtualJoystick_Background.uasset" 187
"../../../Engine/Content/MobileResources/HUD/DefaultVirtualJoysticks.uasset" 188
"../../../Engine/Content/MobileResources/HUD/LeftVirtualJoystickOnly.uasset" 189
"../../../Engine/Content/MobileResources/HUD/MobileHUDButton1_off.uasset" 190
"../../../Engine/Content/MobileResources/HUD/MobileHUDButton1_on.uasset" 191
"../../../Engine/Content/MobileResources/HUD/MobileHUDButton2_off.uasset" 192
"../../../Engine/Content/MobileResources/HUD/MobileHUDButton2_on.uasset" 193
"../../../Engine/Content/MobileResources/HUD/MobileHUDButton3.uasset" 194
"../../../Engine/Content/MobileResources/HUD/MobileHUDButtonFire.uasset" 195
"../../../Engine/Content/MobileResources/HUD/MobileHUDDirectionPad.uasset" 196
"../../../Engine/Content/MobileResources/HUD/MobileHUDDirectionPad2.uasset" 197
"../../../Engine/Content/MobileResources/HUD/MobileHUDDirectionPad3.uasset" 198
"../../../Engine/Content/MobileResources/HUD/MobileHUDDirectionStick.uasset" 199
"../../../Engine/Content/MobileResources/HUD/T_Castle_ThumbstickInner.uasset" 200
"../../../Engine/Content/MobileResources/HUD/T_Castle_ThumbstickOutter.uasset" 201
"../../../Engine/Content/Tutorial/ContentIntroCurve.uasset" 202
"../../../Engine/Content/Tutorial/Basics/LevelEditorAttract.uasset" 203
"../../../Engine/Content/Tutorial/BlueprintTutorials/TutorialAssets/Blueprint_64x.uasset" 204
"../../../Engine/Content/Tutorial/BlueprintTutorials/BlueprintEditorTutorial.uasset" 205
"../../../Engine/Content/VREditor/TransformGizmo/TranslucentTransformGizmoMaterial.uasset" 206
"../../../Engine/Content/VREditor/LaserPointer/VR_LaserPower_01.uasset" 207
"../../../Engine/Content/VREditor/TransformGizmo/TransformGizmoMaterial.uasset" 208
"../../../Engine/Content/VREditor/TransformGizmo/BoundingBoxCorner.uasset" 209
"../../../Engine/Content/VREditor/TransformGizmo/BoundingBoxEdge.uasset" 210
"../../../Engine/Content/VREditor/TransformGizmo/PlaneTranslationHandle.uasset" 211
"../../../Engine/Content/VREditor/TransformGizmo/Xray.uasset" 212
"../../../Engine/Content/VREditor/TransformGizmo/Main.uasset" 213
"../../../Engine/Content/VREditor/TransformGizmo/SM_Sequencer_Key.uasset" 214
"../../../Engine/Content/VREditor/TransformGizmo/SM_Sequencer_Node.uasset" 215
"../../Plugins/2D/Paper2D/Content/PlaceholderTextures/DummySpriteTexture.uasset" 216
"../../Plugins/2D/Paper2D/Content/DummySprite.uasset" 217
"../../Plugins/2D/Paper2D/Content/DefaultPaperTerrainMaterial.uasset" 218
"../../Plugins/2D/Paper2D/Content/DefaultSpriteMaterial.uasset" 219
"../../Plugins/2D/Paper2D/Content/MaskedUnlitSpriteMaterial.uasset" 220
"../../Plugins/2D/Paper2D/Content/OpaqueUnlitSpriteMaterial.uasset" 221
"../../../Engine/Content/Functions/Engine_MaterialFunctions02/Utility/BreakOutFloat3Components.uasset" 222
"../../../Engine/Content/EngineResources/DefaultTexture.uasset" 223
"../../Plugins/Editor/SpeedTreeImporter/Content/SpeedTree9/UnpackInteger3.uasset" 224
"../../Plugins/Editor/SpeedTreeImporter/Content/SpeedTree9/UnpackDirection.uasset" 225
"../../Plugins/Editor/SpeedTreeImporter/Content/SpeedTree9/game_wind_noise.uasset" 226
"../../../Engine/Content/Functions/Engine_MaterialFunctions02/SafeNormalize.uasset" 227
"../../Plugins/Editor/SpeedTreeImporter/Content/SpeedTree9/SpeedTreeWindMotion.uasset" 228
"../../Plugins/Editor/SpeedTreeImporter/Content/SpeedTree9/SpeedTreeBranchMotion.uasset" 229
"../../../Engine/Content/Functions/Engine_MaterialFunctions02/ObjectLocalBounds.uasset" 230
"../../../Engine/Content/Functions/Engine_MaterialFunctions02/UVs/BoundingBoxBased_0-1_UVW.uasset" 231
"../../Plugins/Editor/SpeedTreeImporter/Content/SpeedTree9/SpeedTreeWind.uasset" 232
"../../Plugins/Editor/SpeedTreeImporter/Content/SpeedTree9/SpeedTreeBillboard.uasset" 233
"../../Plugins/Editor/SpeedTreeImporter/Content/SpeedTree9/SpeedTreeBillboardMaster.uasset" 234
"../../Plugins/Editor/SpeedTreeImporter/Content/SpeedTree9/SpeedTreeCameraFacing.uasset" 235
"../../Plugins/Editor/SpeedTreeImporter/Content/SpeedTree9/SpeedTreeMaster.uasset" 236
"../../../Engine/Content/BasicShapes/Cylinder.uasset" 237
"../../../Engine/Content/ArtTools/RenderToTexture/Materials/Debug/M_Emissive_Color.uasset" 238
"../../Plugins/Lumin/MagicLeapPassableWorld/Content/MagicLeapARPinInfoActor.uasset" 239
"../../../Engine/Content/Functions/Engine_MaterialFunctions02/Utility/MakeFloat3.uasset" 240
"../../../Engine/Content/Functions/Engine_MaterialFunctions02/Utility/BreakOutFloat4Components.uasset" 241
"../../Plugins/Runtime/Oculus/OculusVR/Content/Materials/OculusMR_ChromaKey.uasset" 242
"../../Plugins/Runtime/Oculus/OculusVR/Content/Materials/OculusMR_OpaqueColoredMaterial.uasset" 243
"../../Plugins/Runtime/Oculus/OculusVR/Content/Materials/PokeAHoleMaterial.uasset" 244
"H:/Game Dev/Unreal/Mod4/adventure-repository/GCAA/Content/lazygodray/lazygodray_components/cloud_tile_mask.uasset" 245
"H:/Game Dev/Unreal/Mod4/adventure-repository/GCAA/Content/lazygodray/lazygodray_components/cloud_radiant_mask.uasset" 246
"H:/Game Dev/Unreal/Mod4/adventure-repository/GCAA/Content/Jess/Models/Rocks/Rock_Mat.uasset" 247
"H:/Game Dev/Unreal/Mod4/adventure-repository/GCAA/Content/Jess/Models/Rocks/Rock_09_LP.uasset" 248
"H:/Game Dev/Unreal/Mod4/adventure-repository/GCAA/Content/Jess/Texture_Maps/Rocks/Mossy/Mossy_Rock_Mat_OcclusionRoughnessMetallic.uasset" 249
"H:/Game Dev/Unreal/Mod4/adventure-repository/GCAA/Content/Jess/Texture_Maps/Rocks/Mossy/Mossy_Rock_Mat_Normal.uasset" 250
"H:/Game Dev/Unreal/Mod4/adventure-repository/GCAA/Content/Jess/Texture_Maps/Rocks/Mossy/Mossy_Rock_Mat_BaseColor.uasset" 251
"H:/Game Dev/Unreal/Mod4/adventure-repository/GCAA/Content/Jess/Materials/Rock/Mossy_Rocks_M.uasset" 252
"H:/Game Dev/Unreal/Mod4/adventure-repository/GCAA/Content/Jess/Models/Rocks/Rock_03_LP_Dead.uasset" 253
"H:/Game Dev/Unreal/Mod4/adventure-repository/GCAA/Content/Jess/Models/Rocks/Rock_01_LP.uasset" 254
"H:/Game Dev/Unreal/Mod4/adventure-repository/GCAA/Content/movies/MediaPlayerCutscene.uasset" 255
"H:/Game Dev/Unreal/Mod4/adventure-repository/GCAA/Content/Sounds/Main_Theme.uasset" 256
"H:/Game Dev/Unreal/Mod4/adventure-repository/GCAA/Content/Audio/CSMusic.uasset" 257
"H:/Game Dev/Unreal/Mod4/adventure-repository/GCAA/Content/Mannequin/Character_Laura/NewCharacter/Textures/CharacterTextures_OcclusionRoughnessMetallic.uasset" 258
"H:/Game Dev/Unreal/Mod4/adventure-repository/GCAA/Content/Mannequin/Character_Laura/NewCharacter/Textures/CharacterTextures_Normal_DirectX.uasset" 259
"H:/Game Dev/Unreal/Mod4/adventure-repository/GCAA/Content/Mannequin/Character_Laura/NewCharacter/Textures/CharacterTextures_Height.uasset" 260
"H:/Game Dev/Unreal/Mod4/adventure-repository/GCAA/Content/Mannequin/Character_Laura/NewCharacter/Textures/CharacterTextures_Base_Color.uasset" 261
"H:/Game Dev/Unreal/Mod4/adventure-repository/GCAA/Content/Mannequin/Character_Laura/NewCharacter/Textures/Eeli_Textures.uasset" 262
"H:/Game Dev/Unreal/Mod4/adventure-repository/GCAA/Content/Mannequin/Character_Laura/NewCharacter/Low_Skeleton.uasset" 263
"H:/Game Dev/Unreal/Mod4/adventure-repository/GCAA/Content/Mannequin/Character_Laura/NewCharacter/Low_PhysicsAsset.uasset" 264
"H:/Game Dev/Unreal/Mod4/adventure-repository/GCAA/Content/Mannequin/Character_Laura/NewCharacter/Low.uasset" 265
"../../../Engine/Content/Animation/DefaultAnimCurveCompressionSettings.uasset" 266
"../../../Engine/Content/Animation/DefaultAnimBoneCompressionSettings.uasset" 267
"H:/Game Dev/Unreal/Mod4/adventure-repository/GCAA/Content/Assets/menu/Look_Around.uasset" 268
"H:/Game Dev/Unreal/Mod4/adventure-repository/GCAA/Content/Look_Around_Blueprint.uasset" 269
"H:/Game Dev/Unreal/Mod4/adventure-repository/GCAA/Content/movies/MediaPlayerCutscene_Video.uasset" 270
"H:/Game Dev/Unreal/Mod4/adventure-repository/GCAA/Content/movies/MediaPlayer_Video_Mat.uasset" 271
"H:/Game Dev/Unreal/Mod4/adventure-repository/GCAA/Content/movies/finished_scroll_2.uasset" 272
"H:/Game Dev/Unreal/Mod4/adventure-repository/GCAA/Content/Blueprints/UI/BP_UI_OpeningCS.uasset" 273
"H:/Game Dev/Unreal/Mod4/adventure-repository/GCAA/Content/Blueprints/UI/UIImages/titleinit.uasset" 274
"H:/Game Dev/Unreal/Mod4/adventure-repository/GCAA/Content/Blueprints/UI/MainMenu/WBP_MainMenu.uasset" 275
"../../../Engine/Content/Functions/Engine_MaterialFunctions02/WorldPositionOffset/LocalPosition.uasset" 276
"../../../Engine/Content/Functions/Engine_MaterialFunctions01/ImageAdjustment/SCurve.uasset" 277
"../../../Engine/Content/Functions/Engine_MaterialFunctions01/Gradient/LinearGradient.uasset" 278
"../../../Engine/Content/Functions/Engine_MaterialFunctions01/ImageAdjustment/CheapContrast.uasset" 279
"../../../Engine/Content/ArtTools/RenderToTexture/MaterialFunctions/CheckerPattern.uasset" 280
"H:/Game Dev/Unreal/Mod4/adventure-repository/GCAA/Content/lazygodray/lazygodray_components/godray_card_M.uasset" 281
"H:/Game Dev/Unreal/Mod4/adventure-repository/GCAA/Content/lazygodray/lazygodray_components/godray_card_MI.uasset" 282
"H:/Game Dev/Unreal/Mod4/adventure-repository/GCAA/Content/Assets/EnvironmentArt/Zac/WaterTest/tNoise.uasset" 283
"H:/Game Dev/Unreal/Mod4/adventure-repository/GCAA/Content/Assets/EnvironmentArt/Zac/WaterTest/AFlatPlane_initialShadingGroup_BaseColor.uasset" 284
"H:/Game Dev/Unreal/Mod4/adventure-repository/GCAA/Content/Assets/EnvironmentArt/Zac/WaterTest/ToonWater.uasset" 285
"../../../Engine/Content/Functions/Engine_MaterialFunctions01/Density/ExponentialDensity.uasset" 286
"../../../Engine/Content/Functions/Engine_MaterialFunctions01/Gradient/RadialGradientExponential.uasset" 287
"H:/Game Dev/Unreal/Mod4/adventure-repository/GCAA/Content/lazygodray/lazygodray_components/godray_dust_M.uasset" 288
"H:/Game Dev/Unreal/Mod4/adventure-repository/GCAA/Content/lazygodray/lazygodray_components/godray_dust_PS.uasset" 289
"H:/Game Dev/Unreal/Mod4/adventure-repository/GCAA/Content/lazygodray/lazygodray_components/godray_card_SM.uasset" 290
"H:/Game Dev/Unreal/Mod4/adventure-repository/GCAA/Content/lazygodray/lazygodray_components/godray_dust_MI.uasset" 291
"H:/Game Dev/Unreal/Mod4/adventure-repository/GCAA/Content/lazygodray/lazygodray_components/godray_card_MI_convergent.uasset" 292
"H:/Game Dev/Unreal/Mod4/adventure-repository/GCAA/Content/lazygodray/Blueprints/lazygodray_FX_BP.uasset" 293
"H:/Game Dev/Unreal/Mod4/adventure-repository/GCAA/Content/Blueprints/UI/MainMenu/BP_MainMenu.uasset" 294
"../../../Engine/Content/MapTemplates/SM_Template_Map_Floor.uasset" 295
"H:/Game Dev/Unreal/Mod4/adventure-repository/GCAA/Content/Maps/Main_Menu.umap" 296
"H:/Game Dev/Unreal/Mod4/adventure-repository/GCAA/Content/PendantPickup.uasset" 297
"H:/Game Dev/Unreal/Mod4/adventure-repository/GCAA/Content/Blueprints/UI/UI_CombatEncouterMessage.uasset" 298
"H:/Game Dev/Unreal/Mod4/adventure-repository/GCAA/Content/Assets/Aimee/AlterRoom/Fbx_Default_Material.uasset" 299
"H:/Game Dev/Unreal/Mod4/adventure-repository/GCAA/Content/Assets/Aimee/AlterRoom/PressurePlate.uasset" 300
"../../Plugins/FX/Niagara/Content/Enums/ENiagaraSphereDistributionMode.uasset" 301
"../../Plugins/FX/Niagara/Content/Enums/ENiagaraRandomnessMode.uasset" 302
"../../Plugins/FX/Niagara/Content/Enums/ENiagaraRandomnessEvaluation.uasset" 303
"../../Plugins/FX/Niagara/Content/Enums/ENiagaraExpansionMode.uasset" 304
"../../Plugins/FX/Niagara/Content/Enums/ENiagaraCoordinateSpace.uasset" 305
"../../Plugins/FX/Niagara/Content/Functions/V2/CalculateRandomRange.uasset" 306
"../../Plugins/FX/Niagara/Content/Functions/V2/CalculateRandomPointInSphere.uasset" 307
"../../Plugins/FX/Niagara/Content/Functions/Rotation/MultiplyVectorWithQuaternion.uasset" 308
"../../Plugins/FX/Niagara/Content/Functions/DirectionAndLengthSafe.uasset" 309
"../../Plugins/FX/Niagara/Content/Functions/Rotation/FindQuatBetween.uasset" 310
"../../Plugins/FX/Niagara/Content/Functions/SphericalToCartesianCoordinates.uasset" 311
"../../Plugins/FX/Niagara/Content/Functions/Localspace/TransformBase.uasset" 312
"../../Plugins/FX/Niagara/Content/Functions/Localspace/TransformVector.uasset" 313
"../../Plugins/FX/Niagara/Content/Functions/Localspace/SimulationPosition.uasset" 314
"../../Plugins/FX/Niagara/Content/Modules/Spawn/Location/V2/SphereLocation.uasset" 315
"../../Plugins/FX/Niagara/Content/DynamicInputs/ValueFromCurve/VectorFromCurve.uasset" 316
"../../Plugins/FX/Niagara/Content/DynamicInputs/UniformRange/V2/RandomRangeVector.uasset" 317
"../../Plugins/FX/Niagara/Content/Enums/ENiagaraInactiveMode.uasset" 318
"../../Plugins/FX/Niagara/Content/Enums/ENiagaraEmitterScalabilityMode_Limited.uasset" 319
"../../Plugins/FX/Niagara/Content/Enums/ENiagaraEmitterLifeCycleMode.uasset" 320
"../../Plugins/FX/Niagara/Content/Enums/ENiagaraChannelCorrelation.uasset" 321
"../../Plugins/FX/Niagara/Content/Enums/ENiagara_UVFlippingMode.uasset" 322
"../../Plugins/FX/Niagara/Content/Enums/ENiagara_SpriteRotationMode.uasset" 323
"../../Plugins/FX/Niagara/Content/Enums/ENiagara_SizeScaleMode.uasset" 324
"../../Plugins/FX/Niagara/Content/Enums/ENiagara_PositionInitializationMode.uasset" 325
"../../Plugins/FX/Niagara/Content/Enums/ENiagara_LifetimeMode.uasset" 326
"../../Plugins/FX/Niagara/Content/Enums/ENiagara_InfiniteLoopDuration.uasset" 327
"../../Plugins/FX/Niagara/Content/Enums/ENiagara_EmitterStateOptions.uasset" 328
"../../Plugins/FX/Niagara/Content/Enums/ENiagara_ColorInitializationMode.uasset" 329
"../../Plugins/FX/Niagara/Content/Modules/Update/Size/ScaleMeshSize.uasset" 330
"../../Plugins/FX/Niagara/Content/Modules/Update/Lifetime/ParticleState.uasset" 331
"../../Plugins/FX/Niagara/Content/Modules/Update/Color/Color.uasset" 332
"../../Plugins/FX/Niagara/Content/Modules/Spawn/Velocity/AddVelocity.uasset" 333
"../../Plugins/FX/Niagara/Content/Enums/ENiagara_MassInitializationMode.uasset" 334
"../../Plugins/FX/Niagara/Content/Functions/V2/CalculateRandomRangeFloat.uasset" 335
"../../Plugins/FX/Niagara/Content/Functions/V2/CalculateRandomRangeInteger.uasset" 336
"../../Plugins/FX/Niagara/Content/Functions/V2/CalculateRandomBool.uasset" 337
"../../Plugins/FX/Niagara/Content/Functions/LinearColor/HueShiftLinearColor.uasset" 338
"../../Plugins/FX/Niagara/Content/Modules/Spawn/Initialization/V2/InitializeParticle.uasset" 339
"../../Plugins/FX/Niagara/Content/Modules/Solvers/SolveForcesAndVelocity.uasset" 340
"../../Plugins/FX/Niagara/Content/Functions/GetRandomInfo.uasset" 341
"../../Plugins/FX/Niagara/Content/Functions/RandomRangeFloat.uasset" 342
"../../Plugins/FX/Niagara/Content/Modules/Emitter/SpawnRate.uasset" 343
"../../Plugins/FX/Niagara/Content/Enums/ENiagaraExecutionStateManagement.uasset" 344
"../../Plugins/FX/Niagara/Content/Functions/Emitter/EmitterChangeState.uasset" 345
"../../Plugins/FX/Niagara/Content/Modules/Emitter/EmitterState.uasset" 346
"../../Plugins/FX/Niagara/Content/DynamicInputs/ValueFromCurve/ColorFromCurve.uasset" 347
"H:/Game Dev/Unreal/Mod4/adventure-repository/GCAA/Content/Particles/FXVarietyPack/Materials/SmokeTestMat.uasset" 348
"H:/Game Dev/Unreal/Mod4/adventure-repository/GCAA/Content/Particles/FXVarietyPack/Materials/SmokeTestMat_Inst.uasset" 349
"../../../Engine/Content/EngineMeshes/Sphere.uasset" 350
"H:/Game Dev/Unreal/Mod4/adventure-repository/GCAA/Content/Particles/FXVarietyPack/Particles/StylisedFlame_Emitter.uasset" 351
"../../Plugins/FX/Niagara/Content/Enums/ENiagaraSystemInactiveMode.uasset" 352
"../../Plugins/FX/Niagara/Content/Functions/System/SystemChangeState.uasset" 353
"../../Plugins/FX/Niagara/Content/Modules/System/SystemState.uasset" 354
"H:/Game Dev/Unreal/Mod4/adventure-repository/GCAA/Content/Particles/FXVarietyPack/Textures/T_ky_flare_a.uasset" 355
"H:/Game Dev/Unreal/Mod4/adventure-repository/GCAA/Content/Particles/FXVarietyPack/Materials/M_ky_flare_flash.uasset" 356
"H:/Game Dev/Unreal/Mod4/adventure-repository/GCAA/Content/Particles/FXVarietyPack/Materials/MI_ky_flare_flash_trs.uasset" 357
"H:/Game Dev/Unreal/Mod4/adventure-repository/GCAA/Content/Particles/FXVarietyPack/Particles/StylisedFlame_Emitter_System.uasset" 358
"../../Plugins/FX/Niagara/Content/VectorFields/Assets/TilingCurl32.uasset" 359
"../../Plugins/FX/Niagara/Content/Enums/ENiagaraCurlNoiseQuality.uasset" 360
"../../Plugins/FX/Niagara/Content/VectorFields/Assets/TilingCurl64.uasset" 361
"../../Plugins/FX/Niagara/Content/VectorFields/Assets/TilingCurl16.uasset" 362
"../../Plugins/FX/Niagara/Content/Functions/V2/RemapRange.uasset" 363
"../../Plugins/FX/Niagara/Content/Functions/FindAngleBetweenVectors.uasset" 364
"../../Plugins/FX/Niagara/Content/Functions/V2/ConeMask.uasset" 365
"../../Plugins/FX/Niagara/Content/Modules/Update/Forces/V2/CurlNoiseForce.uasset" 366
"../../Plugins/FX/Niagara/Content/Modules/Update/Forces/Drag.uasset" 367
"../../Plugins/FX/Niagara/Content/Functions/RandomPointInBox.uasset" 368
"../../Plugins/FX/Niagara/Content/Functions/IsolateLongestVectorComponent.uasset" 369
"../../Plugins/FX/Niagara/Content/Functions/Rotation/RotateAngleOnAxis.uasset" 370
"../../Plugins/FX/Niagara/Content/Modules/Spawn/Location/BoxLocation.uasset" 371
"../../Plugins/FX/Niagara/Content/DynamicInputs/UniformRange/V2/RandomRangeFloat.uasset" 372
"../../Plugins/FX/Niagara/Content/DynamicInputs/ScaleByCurve/ScaleFloatByCurve.uasset" 373
"../../Plugins/FX/Niagara/Content/Functions/V2/CalculateRandomUnitVector.uasset" 374
"../../Plugins/FX/Niagara/Content/DynamicInputs/Random/V2/RandomVector.uasset" 375
"H:/Game Dev/Unreal/Mod4/adventure-repository/GCAA/Content/Particles/FXVarietyPack/Particles/Fireflies_Emitter.uasset" 376
"H:/Game Dev/Unreal/Mod4/adventure-repository/GCAA/Content/Particles/FXVarietyPack/Particles/Fireflies_Emitter_System.uasset" 377
"H:/Game Dev/Unreal/Mod4/adventure-repository/GCAA/Content/Mannequin/Character_Laura/NewCharacter/Textures/Eeli_Textures1.uasset" 378
"H:/Game Dev/Unreal/Mod4/adventure-repository/GCAA/Content/Musictrigger.uasset" 379
"H:/Game Dev/Unreal/Mod4/adventure-repository/GCAA/Content/Blueprints/UI/UI_MessageChest.uasset" 380
"H:/Game Dev/Unreal/Mod4/adventure-repository/GCAA/Content/Blueprints/UI/UI_MessageToPlayer.uasset" 381
"H:/Game Dev/Unreal/Mod4/adventure-repository/GCAA/Content/Geometry/Meshes/CubeMaterial.uasset" 382
"H:/Game Dev/Unreal/Mod4/adventure-repository/GCAA/Content/Geometry/Meshes/1M_Cube.uasset" 383
"H:/Game Dev/Unreal/Mod4/adventure-repository/GCAA/Content/BP_TestActor.uasset" 384
"H:/Game Dev/Unreal/Mod4/adventure-repository/GCAA/Content/Combat_uni.uasset" 385
"H:/Game Dev/Unreal/Mod4/adventure-repository/GCAA/Content/Sounds/Stone_Footstep_1.uasset" 386
"H:/Game Dev/Unreal/Mod4/adventure-repository/GCAA/Content/Sounds/Player/Movement/Footsteps/Stone_Footstep_3.uasset" 387
"H:/Game Dev/Unreal/Mod4/adventure-repository/GCAA/Content/Sounds/Player/Movement/Footsteps/Stone_Footstep_1.uasset" 388
"H:/Game Dev/Unreal/Mod4/adventure-repository/GCAA/Content/Sounds/Player/Movement/Footsteps/Stone_Footstep_2.uasset" 389
"H:/Game Dev/Unreal/Mod4/adventure-repository/GCAA/Content/FootstepsTogether.uasset" 390
"H:/Game Dev/Unreal/Mod4/adventure-repository/GCAA/Content/Blueprints/UI/UI_JournalItem.uasset" 391
"H:/Game Dev/Unreal/Mod4/adventure-repository/GCAA/Content/UIJournalHolder.uasset" 392
"H:/Game Dev/Unreal/Mod4/adventure-repository/GCAA/Content/Blueprints/UI/UIImages/DoubleSelectionBtnPressed.uasset" 393
"H:/Game Dev/Unreal/Mod4/adventure-repository/GCAA/Content/Blueprints/UI/UIImages/DoubleSelectionBtnHover.uasset" 394
"H:/Game Dev/Unreal/Mod4/adventure-repository/GCAA/Content/Assets/menu/Boarder.uasset" 395
"H:/Game Dev/Unreal/Mod4/adventure-repository/GCAA/Content/Blueprints/UI/UI_JournalMenu.uasset" 396
"H:/Game Dev/Unreal/Mod4/adventure-repository/GCAA/Content/LevelSequence/MuralSequence.uasset" 397
"H:/Game Dev/Unreal/Mod4/adventure-repository/GCAA/Content/Maps/Level_Designer/Dialogue/Interact_I.uasset" 398
"H:/Game Dev/Unreal/Mod4/adventure-repository/GCAA/Content/Audio/GameAudio/Water_Temple_.uasset" 399
"H:/Game Dev/Unreal/Mod4/adventure-repository/GCAA/Content/movies/LostSoul.uasset" 400
"H:/Game Dev/Unreal/Mod4/adventure-repository/GCAA/Content/Sounds/Player/Spells/Lightning.uasset" 401
"H:/Game Dev/Unreal/Mod4/adventure-repository/GCAA/Content/Sounds/Player/Spells/Fireball.uasset" 402
"H:/Game Dev/Unreal/Mod4/adventure-repository/GCAA/Content/Sounds/Player/Spells/Auto_attack.uasset" 403
"H:/Game Dev/Unreal/Mod4/adventure-repository/GCAA/Content/Sounds/DodgeSound.uasset" 404
"H:/Game Dev/Unreal/Mod4/adventure-repository/GCAA/Content/Sounds/deathaudio.uasset" 405
"H:/Game Dev/Unreal/Mod4/adventure-repository/GCAA/Content/Textures/Chain_Lightning.uasset" 406
"H:/Game Dev/Unreal/Mod4/adventure-repository/GCAA/Content/Textures/Blink.uasset" 407
"H:/Game Dev/Unreal/Mod4/adventure-repository/GCAA/Content/Blueprints/UI/UIImages/WindIcon.uasset" 408
"H:/Game Dev/Unreal/Mod4/adventure-repository/GCAA/Content/Blueprints/UI/UIImages/HealIcon.uasset" 409
"H:/Game Dev/Unreal/Mod4/adventure-repository/GCAA/Content/Blueprints/UI/UIImages/Fireblast_Fill.uasset" 410
"H:/Game Dev/Unreal/Mod4/adventure-repository/GCAA/Content/Blueprints/UI/UIImages/FireballIcon.uasset" 411
"H:/Game Dev/Unreal/Mod4/adventure-repository/GCAA/Content/Blueprints/UI/UIImages/AutoIcon.uasset" 412
"H:/Game Dev/Unreal/Mod4/adventure-repository/GCAA/Content/Blueprints/UI/UIHUF/Finished_UI_Keyb.uasset" 413
"H:/Game Dev/Unreal/Mod4/adventure-repository/GCAA/Content/Blueprints/UI/UIHUF/Finished_UI_Cont.uasset" 414
"H:/Game Dev/Unreal/Mod4/adventure-repository/GCAA/Content/Blueprints/UI/Assets/HealFX.uasset" 415
"../../../Engine/Content/Functions/Engine_MaterialFunctions02/ExampleContent/Textures/CylindricalNormals.uasset" 416
"H:/Game Dev/Unreal/Mod4/adventure-repository/GCAA/Content/Blueprints/UI/WBP_Player_UI.uasset" 417
"../../../Engine/Content/EditorMaterials/TargetIcon.uasset" 418
"H:/Game Dev/Unreal/Mod4/adventure-repository/GCAA/Content/Blueprints/UI/WBP_CrossHair.uasset" 419
"H:/Game Dev/Unreal/Mod4/adventure-repository/GCAA/Content/Blueprints/UI/UI_PauseMenu.uasset" 420
"H:/Game Dev/Unreal/Mod4/adventure-repository/GCAA/Content/Blueprints/UI/UI_Inventory.uasset" 421
"H:/Game Dev/Unreal/Mod4/adventure-repository/GCAA/Content/HUD/HealthBarFill.uasset" 422
"H:/Game Dev/Unreal/Mod4/adventure-repository/GCAA/Content/HUD/HealthBackground.uasset" 423
"H:/Game Dev/Unreal/Mod4/adventure-repository/GCAA/Content/Assets/menu/HUD/Mask_Group_8.uasset" 424
"H:/Game Dev/Unreal/Mod4/adventure-repository/GCAA/Content/Assets/menu/HUD/Group_5657_2x.uasset" 425
"H:/Game Dev/Unreal/Mod4/adventure-repository/GCAA/Content/Blueprints/UI/BPW_Player_Health.uasset" 426
"H:/Game Dev/Unreal/Mod4/adventure-repository/GCAA/Content/Blueprints/UI/UIImages/DoubleSelectionBtnPressedMainMenu.uasset" 427
"H:/Game Dev/Unreal/Mod4/adventure-repository/GCAA/Content/Blueprints/UI/UIImages/DoubleSelectionBtnHoverMainMenu.uasset" 428
"H:/Game Dev/Unreal/Mod4/adventure-repository/GCAA/Content/Blueprints/UI/UIImages/DeathUIBG.uasset" 429
"H:/Game Dev/Unreal/Mod4/adventure-repository/GCAA/Content/Blueprints/UI/Bp_DeathInterface.uasset" 430
"H:/Game Dev/Unreal/Mod4/adventure-repository/GCAA/Content/Blueprints/SpellManager/Spells/BP_Heal.uasset" 431
"H:/Game Dev/Unreal/Mod4/adventure-repository/GCAA/Content/Sounds/Player/Spells/Windblast.uasset" 432
"H:/Game Dev/Unreal/Mod4/adventure-repository/GCAA/Content/Mannequin/Character_Laura/NewCharacter/NewAnimations/Standing_2H_Magic_Area_Attack_02_mixamo_com.uasset" 433
"H:/Game Dev/Unreal/Mod4/adventure-repository/GCAA/Content/Anims/Boy/Spells/Boy_Windblast_Montage.uasset" 434
"H:/Game Dev/Unreal/Mod4/adventure-repository/GCAA/Content/Anims/Boy/Spells/Boy_StandingBlockEnd4UE4.uasset" 435
"H:/Game Dev/Unreal/Mod4/adventure-repository/GCAA/Content/Anims/Boy/Spells/Boy_Test_Montage.uasset" 436
"H:/Game Dev/Unreal/Mod4/adventure-repository/GCAA/Content/Anims/Boy/Spells/Boy_LightningCast.uasset" 437
"H:/Game Dev/Unreal/Mod4/adventure-repository/GCAA/Content/Anims/Boy/Spells/Boy_LightningCast_Montage.uasset" 438
"H:/Game Dev/Unreal/Mod4/adventure-repository/GCAA/Content/Mannequin/Character_Laura/NewCharacter/NewAnimations/Standing_1H_Magic_Attack_01_mixamo_com.uasset" 439
"H:/Game Dev/Unreal/Mod4/adventure-repository/GCAA/Content/Anims/Boy/Spells/Boy_FireBallCast_Montage.uasset" 440
"H:/Game Dev/Unreal/Mod4/adventure-repository/GCAA/Content/Anims/Boy/Spells/Boy_Basic_Left.uasset" 441
"H:/Game Dev/Unreal/Mod4/adventure-repository/GCAA/Content/Anims/Boy/Spells/Boy_Basic_Left_Montage.uasset" 442
"H:/Game Dev/Unreal/Mod4/adventure-repository/GCAA/Content/Anims/Boy/Spells/Boy_Basic_Right.uasset" 443
"H:/Game Dev/Unreal/Mod4/adventure-repository/GCAA/Content/Anims/Boy/Spells/Boy_Basic_Right_Montage.uasset" 444
"H:/Game Dev/Unreal/Mod4/adventure-repository/GCAA/Content/Particles/FXVarietyPack/Meshes/SM_ky_quad_centerRot.uasset" 445
"H:/Game Dev/Unreal/Mod4/adventure-repository/GCAA/Content/Particles/FXVarietyPack/Materials/M_ky_empty.uasset" 446
"H:/Game Dev/Unreal/Mod4/adventure-repository/GCAA/Content/Particles/FXVarietyPack/Textures/T_ky_smoke1.uasset" 447
"H:/Game Dev/Unreal/Mod4/adventure-repository/GCAA/Content/Particles/FXVarietyPack/Textures/T_ky_noise6.uasset" 448
"H:/Game Dev/Unreal/Mod4/adventure-repository/GCAA/Content/Particles/FXVarietyPack/Materials/M_ky_smoke01.uasset" 449
"H:/Game Dev/Unreal/Mod4/adventure-repository/GCAA/Content/Particles/FXVarietyPack/Materials/MI_ky_smoke01b.uasset" 450
"H:/Game Dev/Unreal/Mod4/adventure-repository/GCAA/Content/Particles/FXVarietyPack/Materials/MI_ky_smoke01.uasset" 451
"H:/Game Dev/Unreal/Mod4/adventure-repository/GCAA/Content/Particles/FXVarietyPack/Textures/T_ky_decoLinesB.uasset" 452
"H:/Game Dev/Unreal/Mod4/adventure-repository/GCAA/Content/Particles/FXVarietyPack/Textures/T_ky_decoLines.uasset" 453
"H:/Game Dev/Unreal/Mod4/adventure-repository/GCAA/Content/Particles/FXVarietyPack/Materials/Mfunction/MF_ky_VectorToRadialValue.uasset" 454
"H:/Game Dev/Unreal/Mod4/adventure-repository/GCAA/Content/Particles/FXVarietyPack/Materials/M_ky_polar.uasset" 455
"H:/Game Dev/Unreal/Mod4/adventure-repository/GCAA/Content/Particles/FXVarietyPack/Materials/MI_ky_polar_two.uasset" 456
"H:/Game Dev/Unreal/Mod4/adventure-repository/GCAA/Content/Particles/FXVarietyPack/Textures/T_ky_lightningDust01_4x4.uasset" 457
"H:/Game Dev/Unreal/Mod4/adventure-repository/GCAA/Content/Particles/FXVarietyPack/Textures/T_ky_bg_LC.uasset" 458
"H:/Game Dev/Unreal/Mod4/adventure-repository/GCAA/Content/Particles/FXVarietyPack/Materials/M_ky_subUV_dynRGB.uasset" 459
"H:/Game Dev/Unreal/Mod4/adventure-repository/GCAA/Content/Particles/FXVarietyPack/Materials/MI_ky_lightningDust01_4x4_nonD.uasset" 460
"H:/Game Dev/Unreal/Mod4/adventure-repository/GCAA/Content/Particles/FXVarietyPack/Textures/T_ky_lightning02_4x4.uasset" 461
"H:/Game Dev/Unreal/Mod4/adventure-repository/GCAA/Content/Particles/FXVarietyPack/Materials/MI_ky_lightning02_4x4.uasset" 462
"H:/Game Dev/Unreal/Mod4/adventure-repository/GCAA/Content/Particles/FXVarietyPack/Particles/P_ky_ThunderBallHit.uasset" 463
"H:/Game Dev/Unreal/Mod4/adventure-repository/GCAA/Content/Particles/FXVarietyPack/Textures/T_ky_smoke_kai.uasset" 464
"H:/Game Dev/Unreal/Mod4/adventure-repository/GCAA/Content/Particles/FXVarietyPack/Textures/T_ky_dist_noise.uasset" 465
"H:/Game Dev/Unreal/Mod4/adventure-repository/GCAA/Content/Particles/FXVarietyPack/Materials/M_ky_base_turbulence.uasset" 466
"H:/Game Dev/Unreal/Mod4/adventure-repository/GCAA/Content/Particles/FXVarietyPack/Materials/MI_ky_turbulence_smoke2d_trs.uasset" 467
"H:/Game Dev/Unreal/Mod4/adventure-repository/GCAA/Content/Particles/FXVarietyPack/Materials/M_ky_primitive_dyn2.uasset" 468
"H:/Game Dev/Unreal/Mod4/adventure-repository/GCAA/Content/Particles/FXVarietyPack/Materials/MI_ky_primitive_dynB_two.uasset" 469
"../../../Engine/Content/Functions/Engine_MaterialFunctions02/Fresnel_Function.uasset" 470
"H:/Game Dev/Unreal/Mod4/adventure-repository/GCAA/Content/Particles/FXVarietyPack/Materials/M_ky_primitive.uasset" 471
"H:/Game Dev/Unreal/Mod4/adventure-repository/GCAA/Content/Particles/FXVarietyPack/Materials/MI_ky_primitive2b_trs.uasset" 472
"H:/Game Dev/Unreal/Mod4/adventure-repository/GCAA/Content/Particles/FXVarietyPack/Particles/P_ky_explosion.uasset" 473
"H:/Game Dev/Unreal/Mod4/adventure-repository/GCAA/Content/Blueprints/SpellManager/Spells/BP_Windblast.uasset" 474
"H:/Game Dev/Unreal/Mod4/adventure-repository/GCAA/Content/Blueprints/SpellManager/Spells/BP_LightningV2.uasset" 475
"H:/Game Dev/Unreal/Mod4/adventure-repository/GCAA/Content/Particles/FXVarietyPack/Particles/P_ky_fireBall.uasset" 476
"H:/Game Dev/Unreal/Mod4/adventure-repository/GCAA/Content/Blueprints/SpellManager/Spells/BP_FireBall.uasset" 477
"H:/Game Dev/Unreal/Mod4/adventure-repository/GCAA/Content/Blueprints/SpellManager/Spells/BP_Blink.uasset" 478
"../../../Engine/Content/EditorMeshes/ArcadeEditorSphere.uasset" 479
"H:/Game Dev/Unreal/Mod4/adventure-repository/GCAA/Content/Blueprints/SpellManager/Spells/BP_BasicSpell.uasset" 480
"H:/Game Dev/Unreal/Mod4/adventure-repository/GCAA/Content/Blueprints/Teleport_Effect_Curve.uasset" 481
"H:/Game Dev/Unreal/Mod4/adventure-repository/GCAA/Content/Blueprints/SpellManager/BP_Spellmanager.uasset" 482
"H:/Game Dev/Unreal/Mod4/adventure-repository/GCAA/Content/Anims/Boy/OmniDirection/Boy_Omni_Walking_Backwards.uasset" 483
"H:/Game Dev/Unreal/Mod4/adventure-repository/GCAA/Content/Anims/Boy/OmniDirection/Boy_Omni_ThirdPersonWalk.uasset" 484
"H:/Game Dev/Unreal/Mod4/adventure-repository/GCAA/Content/Anims/Boy/OmniDirection/Boy_Omni_ThirdPersonRun.uasset" 485
"H:/Game Dev/Unreal/Mod4/adventure-repository/GCAA/Content/Anims/Boy/OmniDirection/Boy_Omni_ThirdPersonIdle.uasset" 486
"H:/Game Dev/Unreal/Mod4/adventure-repository/GCAA/Content/Anims/Boy/OmniDirection/Boy_Omni_Run_Backwards.uasset" 487
"H:/Game Dev/Unreal/Mod4/adventure-repository/GCAA/Content/Anims/Boy/OmniDirection/Boy_Omni_Run_Backward_Right.uasset" 488
"H:/Game Dev/Unreal/Mod4/adventure-repository/GCAA/Content/Anims/Boy/OmniDirection/Boy_Omni_Run_Backward_Left.uasset" 489
"H:/Game Dev/Unreal/Mod4/adventure-repository/GCAA/Content/Anims/Boy/OmniDirection/Boy_Omni_Right_Strafe_Walking.uasset" 490
"H:/Game Dev/Unreal/Mod4/adventure-repository/GCAA/Content/Anims/Boy/OmniDirection/Boy_Omni_Right_Strafe_Running.uasset" 491
"H:/Game Dev/Unreal/Mod4/adventure-repository/GCAA/Content/Anims/Boy/OmniDirection/Boy_Omni_Left_Strafe_Walking.uasset" 492
"H:/Game Dev/Unreal/Mod4/adventure-repository/GCAA/Content/Anims/Boy/OmniDirection/Boy_Omni_Left_Strafe_Running.uasset" 493
"H:/Game Dev/Unreal/Mod4/adventure-repository/GCAA/Content/Anims/Boy/OmniDirection/Boy_Omni_Forward_Right_Run.uasset" 494
"H:/Game Dev/Unreal/Mod4/adventure-repository/GCAA/Content/Anims/Boy/OmniDirection/Boy_Omni_Forward_Left_Run.uasset" 495
"H:/Game Dev/Unreal/Mod4/adventure-repository/GCAA/Content/Anims/Boy/OmniDirection/Boy_Omni_BS_OmniDirection_Lock.uasset" 496
"H:/Game Dev/Unreal/Mod4/adventure-repository/GCAA/Content/Mannequin/Character_Laura/NewCharacter/TransferredANIMS/TransferredAnims_BPThirdPersonWalk.uasset" 497
"H:/Game Dev/Unreal/Mod4/adventure-repository/GCAA/Content/Mannequin/Character_Laura/NewCharacter/TransferredANIMS/TransferredAnims_BPThirdPersonRun.uasset" 498
"H:/Game Dev/Unreal/Mod4/adventure-repository/GCAA/Content/Mannequin/Character_Laura/NewCharacter/TransferredANIMS/TransferredAnims_BPThirdPersonIdle.uasset" 499
"H:/Game Dev/Unreal/Mod4/adventure-repository/GCAA/Content/Mannequin/Character_Laura/NewCharacter/TransferredANIMS/TransferredAnims_BPThirdPerson_IdleRun_2D.uasset" 500
"H:/Game Dev/Unreal/Mod4/adventure-repository/GCAA/Content/Mannequin/Character_Laura/NewCharacter/TransferredANIMS/TransferredAnims_BPThirdPersonJump_Start.uasset" 501
"H:/Game Dev/Unreal/Mod4/adventure-repository/GCAA/Content/Mannequin/Character_Laura/NewCharacter/TransferredANIMS/TransferredAnims_BPThirdPersonJump_Loop.uasset" 502
"H:/Game Dev/Unreal/Mod4/adventure-repository/GCAA/Content/Mannequin/Character_Laura/NewCharacter/TransferredANIMS/TransferredAnims_BPThirdPerson_Jump.uasset" 503
"H:/Game Dev/Unreal/Mod4/adventure-repository/GCAA/Content/Mannequin/Character_Laura/NewCharacter/TransferredANIMS/TransferredAnims_BPPushingWalk.uasset" 504
"H:/Game Dev/Unreal/Mod4/adventure-repository/GCAA/Content/Mannequin/Character_Laura/NewCharacter/TransferredANIMS/TransferredAnims_BPPushIdle.uasset" 505
"H:/Game Dev/Unreal/Mod4/adventure-repository/GCAA/Content/Mannequin/Character_Laura/NewCharacter/TransferredANIMS/TransferredAnims_BPCustomPush_BS.uasset" 506
"H:/Game Dev/Unreal/Mod4/adventure-repository/GCAA/Content/Mannequin/Character_Laura/NewCharacter/TransferredANIMS/TransferredAnims_BPCustom_Anim_BP.uasset" 507
"H:/Game Dev/Unreal/Mod4/adventure-repository/GCAA/Content/Sounds/JumpSound.uasset" 508
"H:/Game Dev/Unreal/Mod4/adventure-repository/GCAA/Content/Blueprints/BP_Redone_Player.uasset" 509
"H:/Game Dev/Unreal/Mod4/adventure-repository/GCAA/Content/InteractionTrigger.uasset" 510
"H:/Game Dev/Unreal/Mod4/adventure-repository/GCAA/Content/movies/Credits.uasset" 511
"H:/Game Dev/Unreal/Mod4/adventure-repository/GCAA/Content/movies/Credits_Mat.uasset" 512
"H:/Game Dev/Unreal/Mod4/adventure-repository/GCAA/Content/movies/LostSoulCredits_03.uasset" 513
"H:/Game Dev/Unreal/Mod4/adventure-repository/GCAA/Content/UI_CreditsNew.uasset" 514
"H:/Game Dev/Unreal/Mod4/adventure-repository/GCAA/Content/Blueprints/UI/Bp_EndLevel.uasset" 515
"H:/Game Dev/Unreal/Mod4/adventure-repository/GCAA/Content/EndLevel.uasset" 516
"H:/Game Dev/Unreal/Mod4/adventure-repository/GCAA/Content/Blueprints/BobbingBall.uasset" 517
"H:/Game Dev/Unreal/Mod4/adventure-repository/GCAA/Content/Assets/EnvironmentArt/Zac/WaterTest/ToonWater_Green.uasset" 518
"../../../Engine/Content/BasicShapes/Sphere.uasset" 519
"H:/Game Dev/Unreal/Mod4/adventure-repository/GCAA/Content/Blueprints/ToxicBubble1_Blueprint_Ins4.uasset" 520
"H:/Game Dev/Unreal/Mod4/adventure-repository/GCAA/Content/Blueprints/ToxicBubble1_Blueprint_Ins3.uasset" 521
"H:/Game Dev/Unreal/Mod4/adventure-repository/GCAA/Content/Blueprints/ToxicBubble1_Blueprint_Ins2.uasset" 522
"H:/Game Dev/Unreal/Mod4/adventure-repository/GCAA/Content/Blueprints/ToxicBubble1_Blueprint_Ins1.uasset" 523
"H:/Game Dev/Unreal/Mod4/adventure-repository/GCAA/Content/Assets/EnvironmentArt/Zac/TorchAndChest/Textures/Chest+TorchLOW_initialShadingGroup_OcclusionRoughnessMetallic.uasset" 524
"H:/Game Dev/Unreal/Mod4/adventure-repository/GCAA/Content/Assets/EnvironmentArt/Zac/TorchAndChest/Textures/Chest+TorchLOW_initialShadingGroup_Normal.uasset" 525
"H:/Game Dev/Unreal/Mod4/adventure-repository/GCAA/Content/Assets/EnvironmentArt/Zac/TorchAndChest/Textures/Chest+TorchLOW_initialShadingGroup_Emissive.uasset" 526
"H:/Game Dev/Unreal/Mod4/adventure-repository/GCAA/Content/Assets/EnvironmentArt/Zac/TorchAndChest/Textures/Chest+TorchLOW_initialShadingGroup_BaseColor.uasset" 527
"H:/Game Dev/Unreal/Mod4/adventure-repository/GCAA/Content/Assets/EnvironmentArt/Zac/TorchAndChest/Textures/TorchNCrystal.uasset" 528
"H:/Game Dev/Unreal/Mod4/adventure-repository/GCAA/Content/Assets/EnvironmentArt/Zac/TorchAndChest/TorchBase.uasset" 529
"H:/Game Dev/Unreal/Mod4/adventure-repository/GCAA/Content/Maps/Level_Designer/Jess_Level_09_BuiltData.uasset" 530
"H:/Game Dev/Unreal/Mod4/adventure-repository/GCAA/Content/Maps/Level_Designer/Dialogue/DialogueWidget.uasset" 531
"H:/Game Dev/Unreal/Mod4/adventure-repository/GCAA/Content/Maps/Level_Designer/Dialogue/DialogueTrigger.uasset" 532
"H:/Game Dev/Unreal/Mod4/adventure-repository/GCAA/Content/Jess/Texture_Maps/Rocks/No_Moss/Rocks_Texture_LP_Rock_Mat_OcclusionRoughnessMetallic.uasset" 533
"H:/Game Dev/Unreal/Mod4/adventure-repository/GCAA/Content/Jess/Texture_Maps/Rocks/No_Moss/Rocks_Texture_LP_Rock_Mat_Normal.uasset" 534
"H:/Game Dev/Unreal/Mod4/adventure-repository/GCAA/Content/Jess/Texture_Maps/Rocks/No_Moss/Rocks_Texture_LP_Rock_Mat_BaseColor.uasset" 535
"H:/Game Dev/Unreal/Mod4/adventure-repository/GCAA/Content/Jess/Materials/Rock/Rocks_M.uasset" 536
"H:/Game Dev/Unreal/Mod4/adventure-repository/GCAA/Content/Rocks_Merged.uasset" 537
"H:/Game Dev/Unreal/Mod4/adventure-repository/GCAA/Content/Assets/EnvironmentArt/Zac/rockmuralanddoor/RockAndDoorLow_initialShadingGroup_OcclusionRoughnessMetallic.uasset" 538
"H:/Game Dev/Unreal/Mod4/adventure-repository/GCAA/Content/Assets/EnvironmentArt/Zac/rockmuralanddoor/RockAndDoorLow_initialShadingGroup_Normal.uasset" 539
"H:/Game Dev/Unreal/Mod4/adventure-repository/GCAA/Content/Assets/EnvironmentArt/Zac/rockmuralanddoor/RockAndDoorLow_initialShadingGroup_BaseColor.uasset" 540
"H:/Game Dev/Unreal/Mod4/adventure-repository/GCAA/Content/Assets/EnvironmentArt/Zac/rockmuralanddoor/DoorandMural.uasset" 541
"H:/Game Dev/Unreal/Mod4/adventure-repository/GCAA/Content/Jess/Texture_Maps/Room_02_Walls/Room_02_walls_for_texture_Room_02_Wall__OcclusionRoughnessMetallic.uasset" 542
"H:/Game Dev/Unreal/Mod4/adventure-repository/GCAA/Content/Jess/Texture_Maps/Room_02_Walls/Room_02_walls_for_texture_Room_02_Wall__Normal.uasset" 543
"H:/Game Dev/Unreal/Mod4/adventure-repository/GCAA/Content/Jess/Texture_Maps/Room_02_Walls/Room_02_walls_for_texture_Room_02_Wall__BaseColor.uasset" 544
"H:/Game Dev/Unreal/Mod4/adventure-repository/GCAA/Content/Jess/Materials/Room_02_Walls/Room_02_Wall_M.uasset" 545
"H:/Game Dev/Unreal/Mod4/adventure-repository/GCAA/Content/BackOfAlterMerge.uasset" 546
"H:/Game Dev/Unreal/Mod4/adventure-repository/GCAA/Content/Assets/EnvironmentArt/Zac/Pushblock/Textures/Unglowing/ifglowing/PushBlockandHeadLow_initialShadingGroup_Emissive.uasset" 547
"H:/Game Dev/Unreal/Mod4/adventure-repository/GCAA/Content/Assets/EnvironmentArt/Zac/PillarKit/Textures/PillarkitUnwrapped_Low_lambert2SG_OcclusionRoughnessMetallic.uasset" 548
"H:/Game Dev/Unreal/Mod4/adventure-repository/GCAA/Content/Assets/EnvironmentArt/Zac/PillarKit/Textures/PillarkitUnwrapped_Low_lambert2SG_Normal.uasset" 549
"H:/Game Dev/Unreal/Mod4/adventure-repository/GCAA/Content/Assets/EnvironmentArt/Zac/PillarKit/Textures/PillarkitUnwrapped_Low_lambert2SG_BaseColor.uasset" 550
"H:/Game Dev/Unreal/Mod4/adventure-repository/GCAA/Content/Assets/EnvironmentArt/Zac/PillarKit/Textures/PillarKitTexture.uasset" 551
"H:/Game Dev/Unreal/Mod4/adventure-repository/GCAA/Content/Assets/EnvironmentArt/Zac/PillarKit/PkMidPieceB.uasset" 552
"H:/Game Dev/Unreal/Mod4/adventure-repository/GCAA/Content/Assets/EnvironmentArt/Zac/PillarKit/PkCapB.uasset" 553
"H:/Game Dev/Unreal/Mod4/adventure-repository/GCAA/Content/Assets/EnvironmentArt/Zac/PillarKit/PKBoxC.uasset" 554
"H:/Game Dev/Unreal/Mod4/adventure-repository/GCAA/Content/Assets/EnvironmentArt/Zac/PillarKit/PKBoxA.uasset" 555
"H:/Game Dev/Unreal/Mod4/adventure-repository/GCAA/Content/Assets/EnvironmentArt/Zac/PillarKit/FullBuiltC.uasset" 556
"H:/Game Dev/Unreal/Mod4/adventure-repository/GCAA/Content/Assets/EnvironmentArt/Zac/PillarKit/FullBuiltB.uasset" 557
"H:/Game Dev/Unreal/Mod4/adventure-repository/GCAA/Content/Assets/EnvironmentArt/Zac/PillarKit/FullBuiltA.uasset" 558
"H:/Game Dev/Unreal/Mod4/adventure-repository/GCAA/Content/Assets/Aimee/Hall/hallway_room__dragon_statues___Plane002_005.uasset" 559
"H:/Game Dev/Unreal/Mod4/adventure-repository/GCAA/Content/Assets/Aimee/AlterRoom/Water_003.uasset" 560
"H:/Game Dev/Unreal/Mod4/adventure-repository/GCAA/Content/Assets/Aimee/AlterRoom/PUSHING_BLOCK_ROOM_Plane_003.uasset" 561
"H:/Game Dev/Unreal/Mod4/adventure-repository/GCAA/Content/Assets/Aimee/AlterRoom/PUSHING_BLOCK_ROOM_bigrock_low_poly_done_024.uasset" 562
"H:/Game Dev/Unreal/Mod4/adventure-repository/GCAA/Content/Assets/Aimee/AlterRoom/PUSHING_BLOCK_ROOM_bigrock_low_poly_done_021.uasset" 563
"H:/Game Dev/Unreal/Mod4/adventure-repository/GCAA/Content/Jess/Texture_Maps/God_Ray_Alpha.uasset" 564
"H:/Game Dev/Unreal/Mod4/adventure-repository/GCAA/Content/Jess/Materials/God_Rays/God_Ray_M.uasset" 565
"H:/Game Dev/Unreal/Mod4/adventure-repository/GCAA/Content/Jess/Materials/God_Rays/God_RayWhite_M_Inst2.uasset" 566
"H:/Game Dev/Unreal/Mod4/adventure-repository/GCAA/Content/Jess/Materials/God_Rays/God_Ray_M_Ins.uasset" 567
"H:/Game Dev/Unreal/Mod4/adventure-repository/GCAA/Content/Jess/Models/Tree/Tree_For_Texture_Tree_M1_OcclusionRoughnessMetallic.uasset" 568
"H:/Game Dev/Unreal/Mod4/adventure-repository/GCAA/Content/Jess/Models/Tree/Tree_For_Texture_Tree_M1_Normal.uasset" 569
"H:/Game Dev/Unreal/Mod4/adventure-repository/GCAA/Content/Jess/Models/Tree/Tree_For_Texture_Tree_M1_Emissive.uasset" 570
"H:/Game Dev/Unreal/Mod4/adventure-repository/GCAA/Content/Jess/Models/Tree/Tree_For_Texture_Tree_M1_BaseColor.uasset" 571
"H:/Game Dev/Unreal/Mod4/adventure-repository/GCAA/Content/Jess/Models/Tree/Tree_M.uasset" 572
"H:/Game Dev/Unreal/Mod4/adventure-repository/GCAA/Content/Jess/Texture_Maps/Snake_Statue/Snake_Statue_OcclusionRoughnessMetallic.uasset" 573
"H:/Game Dev/Unreal/Mod4/adventure-repository/GCAA/Content/Jess/Texture_Maps/Snake_Statue/Snake_Statue_Normal.uasset" 574
"H:/Game Dev/Unreal/Mod4/adventure-repository/GCAA/Content/Jess/Texture_Maps/Snake_Statue/Snake_Statue_Emissive.uasset" 575
"H:/Game Dev/Unreal/Mod4/adventure-repository/GCAA/Content/Jess/Texture_Maps/Snake_Statue/Snake_Statue_BaseColor.uasset" 576
"H:/Game Dev/Unreal/Mod4/adventure-repository/GCAA/Content/Jess/Materials/Snake_Statue/Snake_Statue_M.uasset" 577
"H:/Game Dev/Unreal/Mod4/adventure-repository/GCAA/Content/Jess/Texture_Maps/Rocks/Blue/Rocks_Texture_LP_Rock_Mat_OcclusionRoughnessMetallic.uasset" 578
"H:/Game Dev/Unreal/Mod4/adventure-repository/GCAA/Content/Jess/Texture_Maps/Rocks/Blue/Rocks_Texture_LP_Rock_Mat_Normal.uasset" 579
"H:/Game Dev/Unreal/Mod4/adventure-repository/GCAA/Content/Jess/Texture_Maps/Rocks/Blue/Rocks_Texture_LP_Rock_Mat_BaseColor.uasset" 580
"H:/Game Dev/Unreal/Mod4/adventure-repository/GCAA/Content/Jess/Materials/Rock/Blue_M.uasset" 581
"H:/Game Dev/Unreal/Mod4/adventure-repository/GCAA/Content/Jess/Materials/Misc/ClipBrush_M.uasset" 582
"H:/Game Dev/Unreal/Mod4/adventure-repository/GCAA/Content/Jess/Models/Rocks/Rock_07_LP.uasset" 583
"H:/Game Dev/Unreal/Mod4/adventure-repository/GCAA/Content/Jess/Models/Rocks/Rock_06_LP.uasset" 584
"H:/Game Dev/Unreal/Mod4/adventure-repository/GCAA/Content/Jess/Models/Rocks/Rock_05_LP.uasset" 585
"H:/Game Dev/Unreal/Mod4/adventure-repository/GCAA/Content/Jess/Models/Rocks/Rock_04_LP.uasset" 586
"H:/Game Dev/Unreal/Mod4/adventure-repository/GCAA/Content/Jess/Models/Rocks/Rock_02_LP.uasset" 587
"H:/Game Dev/Unreal/Mod4/adventure-repository/GCAA/Content/Assets/EnvironmentArt/Zac/rockmuralanddoor/DoorFace.uasset" 588
"H:/Game Dev/Unreal/Mod4/adventure-repository/GCAA/Content/Altar_Mat.uasset" 589
"H:/Game Dev/Unreal/Mod4/adventure-repository/GCAA/Content/lambert1.uasset" 590
"H:/Game Dev/Unreal/Mod4/adventure-repository/GCAA/Content/Rock_03_Angry.uasset" 591
"H:/Game Dev/Unreal/Mod4/adventure-repository/GCAA/Content/Snowman_M.uasset" 592
"H:/Game Dev/Unreal/Mod4/adventure-repository/GCAA/Content/Stair_Set_M.uasset" 593
"H:/Game Dev/Unreal/Mod4/adventure-repository/GCAA/Content/Alter_platform_rotated.uasset" 594
"H:/Game Dev/Unreal/Mod4/adventure-repository/GCAA/Content/Jess/Models/misc/shadow/lambert1_roughness.uasset" 595
"H:/Game Dev/Unreal/Mod4/adventure-repository/GCAA/Content/Jess/Models/misc/shadow/lambert1_normal.uasset" 596
"H:/Game Dev/Unreal/Mod4/adventure-repository/GCAA/Content/Jess/Models/misc/shadow/lambert1_metallic.uasset" 597
"H:/Game Dev/Unreal/Mod4/adventure-repository/GCAA/Content/Jess/Models/misc/shadow/lambert1_emissive.uasset" 598
"H:/Game Dev/Unreal/Mod4/adventure-repository/GCAA/Content/Jess/Models/misc/shadow/lambert1_AO.uasset" 599
"H:/Game Dev/Unreal/Mod4/adventure-repository/GCAA/Content/Jess/Models/misc/shadow/lambert1_albedo.uasset" 600
"H:/Game Dev/Unreal/Mod4/adventure-repository/GCAA/Content/Jess/Models/misc/shadow/lambert1.uasset" 601
"H:/Game Dev/Unreal/Mod4/adventure-repository/GCAA/Content/Jess/Texture_Maps/Stairs/Stairs_For_Textures_Stair_Set_M_OcclusionRoughnessMetallic.uasset" 602
"H:/Game Dev/Unreal/Mod4/adventure-repository/GCAA/Content/Jess/Texture_Maps/Stairs/Stairs_For_Textures_Stair_Set_M_Normal.uasset" 603
"H:/Game Dev/Unreal/Mod4/adventure-repository/GCAA/Content/Jess/Texture_Maps/Stairs/Stairs_For_Textures_Stair_Set_M_BaseColor.uasset" 604
"H:/Game Dev/Unreal/Mod4/adventure-repository/GCAA/Content/Jess/Materials/Stairs/Stair_Set_M.uasset" 605
"H:/Game Dev/Unreal/Mod4/adventure-repository/GCAA/Content/Jess/Texture_Maps/Altar_01_LP_Altar_Mat_OcclusionRoughnessMetallic.uasset" 606
"H:/Game Dev/Unreal/Mod4/adventure-repository/GCAA/Content/Jess/Texture_Maps/Altar_01_LP_Altar_Mat_Normal.uasset" 607
"H:/Game Dev/Unreal/Mod4/adventure-repository/GCAA/Content/Jess/Texture_Maps/Altar_01_LP_Altar_Mat_Emissive.uasset" 608
"H:/Game Dev/Unreal/Mod4/adventure-repository/GCAA/Content/Jess/Texture_Maps/Altar_01_LP_Altar_Mat_BaseColor.uasset" 609
"H:/Game Dev/Unreal/Mod4/adventure-repository/GCAA/Content/Jess/Materials/Altar_Mat.uasset" 610
"H:/Game Dev/Unreal/Mod4/adventure-repository/GCAA/Content/Blueprints/AlterDoor_Rear.uasset" 611
"H:/Game Dev/Unreal/Mod4/adventure-repository/GCAA/Content/Blueprints/Alter_Backwards.uasset" 612
"H:/Game Dev/Unreal/Mod4/adventure-repository/GCAA/Content/Blueprints/PoisonWaterTrigger/BP_PoisonWaterTrigger.uasset" 613
"H:/Game Dev/Unreal/Mod4/adventure-repository/GCAA/Content/Jess/Models/misc/WaterFall_01_LP.uasset" 614
"H:/Game Dev/Unreal/Mod4/adventure-repository/GCAA/Content/Assets/EnvironmentArt/Zac/TorchAndChest/Sidetorch.uasset" 615
"H:/Game Dev/Unreal/Mod4/adventure-repository/GCAA/Content/Assets/EnvironmentArt/Zac/Pushblock/Textures/Unglowing/ifglowing/PushBlockandHeadLow_initialShadingGroup_OcclusionRoughnessMetallic.uasset" 616
"H:/Game Dev/Unreal/Mod4/adventure-repository/GCAA/Content/Assets/EnvironmentArt/Zac/Pushblock/Textures/Unglowing/ifglowing/PushBlockandHeadLow_initialShadingGroup_Normal.uasset" 617
"H:/Game Dev/Unreal/Mod4/adventure-repository/GCAA/Content/Assets/EnvironmentArt/Zac/Pushblock/Textures/Unglowing/ifglowing/PushBlockandHeadLow_initialShadingGroup_BaseColor.uasset" 618
"H:/Game Dev/Unreal/Mod4/adventure-repository/GCAA/Content/Assets/EnvironmentArt/Zac/Pushblock/Textures/Unglowing/ifglowing/GlowingPushblock.uasset" 619
"H:/Game Dev/Unreal/Mod4/adventure-repository/GCAA/Content/Assets/EnvironmentArt/Zac/Pushblock/Textures/Green/PushBlockandHeadLow_initialShadingGroup_OcclusionRoughnessMetallic.uasset" 620
"H:/Game Dev/Unreal/Mod4/adventure-repository/GCAA/Content/Assets/EnvironmentArt/Zac/Pushblock/Textures/Green/PushBlockandHeadLow_initialShadingGroup_Normal.uasset" 621
"H:/Game Dev/Unreal/Mod4/adventure-repository/GCAA/Content/Assets/EnvironmentArt/Zac/Pushblock/Textures/Green/PushBlockandHeadLow_initialShadingGroup_Emissive.uasset" 622
"H:/Game Dev/Unreal/Mod4/adventure-repository/GCAA/Content/Assets/EnvironmentArt/Zac/Pushblock/Textures/Green/PushBlockandHeadLow_initialShadingGroup_BaseColor.uasset" 623
"H:/Game Dev/Unreal/Mod4/adventure-repository/GCAA/Content/Assets/EnvironmentArt/Zac/Pushblock/Textures/Green/GreenPushblock.uasset" 624
"H:/Game Dev/Unreal/Mod4/adventure-repository/GCAA/Content/Assets/EnvironmentArt/Zac/Pushblock/Pushblock.uasset" 625
"H:/Game Dev/Unreal/Mod4/adventure-repository/GCAA/Content/Assets/EnvironmentArt/Zac/GreenDragonhead.uasset" 626
"H:/Game Dev/Unreal/Mod4/adventure-repository/GCAA/Content/Jess/Texture_Maps/Rocks_Texture_LP_Rock_Mat_OcclusionRoughnessMetallic.uasset" 627
"H:/Game Dev/Unreal/Mod4/adventure-repository/GCAA/Content/Jess/Texture_Maps/Rocks_Texture_LP_Rock_Mat_Normal.uasset" 628
"H:/Game Dev/Unreal/Mod4/adventure-repository/GCAA/Content/Jess/Texture_Maps/Rocks_Texture_LP_Rock_Mat_BaseColor.uasset" 629
"H:/Game Dev/Unreal/Mod4/adventure-repository/GCAA/Content/Jess/Texture_Maps/Rock_03_Angry.uasset" 630
"H:/Game Dev/Unreal/Mod4/adventure-repository/GCAA/Content/Assets/EnvironmentArt/Zac/Pushblock/Textures/Green/glowing/PushBlockandHeadLow_initialShadingGroup_OcclusionRoughnessMetallic.uasset" 631
"H:/Game Dev/Unreal/Mod4/adventure-repository/GCAA/Content/Assets/EnvironmentArt/Zac/Pushblock/Textures/Green/glowing/PushBlockandHeadLow_initialShadingGroup_Normal.uasset" 632
"H:/Game Dev/Unreal/Mod4/adventure-repository/GCAA/Content/Assets/EnvironmentArt/Zac/Pushblock/Textures/Green/glowing/PushBlockandHeadLow_initialShadingGroup_Emissive.uasset" 633
"H:/Game Dev/Unreal/Mod4/adventure-repository/GCAA/Content/Assets/EnvironmentArt/Zac/Pushblock/Textures/Green/glowing/PushBlockandHeadLow_initialShadingGroup_BaseColor.uasset" 634
"H:/Game Dev/Unreal/Mod4/adventure-repository/GCAA/Content/Assets/EnvironmentArt/Zac/Pushblock/Textures/Green/glowing/GlowingGreenPushblock.uasset" 635
"H:/Game Dev/Unreal/Mod4/adventure-repository/GCAA/Content/Jess/Models/misc/scarf_and_snowman_snowmna_m_OcclusionRoughnessMetallic.uasset" 636
"H:/Game Dev/Unreal/Mod4/adventure-repository/GCAA/Content/Jess/Models/misc/scarf_and_snowman_snowmna_m_Normal.uasset" 637
"H:/Game Dev/Unreal/Mod4/adventure-repository/GCAA/Content/Jess/Models/misc/scarf_and_snowman_snowmna_m_BaseColor.uasset" 638
"H:/Game Dev/Unreal/Mod4/adventure-repository/GCAA/Content/Jess/Models/misc/Snowman_M.uasset" 639
"H:/Game Dev/Unreal/Mod4/adventure-repository/GCAA/Content/Jess/Models/Tree/Tree_M1.uasset" 640
"H:/Game Dev/Unreal/Mod4/adventure-repository/GCAA/Content/Jess/Models/Tree/Tree_01_LP_Dead.uasset" 641
"H:/Game Dev/Unreal/Mod4/adventure-repository/GCAA/Content/Jess/Models/Stairs/Wall_03_LP.uasset" 642
"H:/Game Dev/Unreal/Mod4/adventure-repository/GCAA/Content/Jess/Models/Stairs/Wall_02_LP.uasset" 643
"H:/Game Dev/Unreal/Mod4/adventure-repository/GCAA/Content/Jess/Models/Stairs/Wall_01_LP.uasset" 644
"H:/Game Dev/Unreal/Mod4/adventure-repository/GCAA/Content/Jess/Models/Stairs/Stairs_01_LP.uasset" 645
"H:/Game Dev/Unreal/Mod4/adventure-repository/GCAA/Content/Jess/Models/Stairs/Room_01_Stair_Top_LP.uasset" 646
"H:/Game Dev/Unreal/Mod4/adventure-repository/GCAA/Content/Jess/Models/Stairs/Base_Ground_01_LP.uasset" 647
"H:/Game Dev/Unreal/Mod4/adventure-repository/GCAA/Content/Jess/Models/Snake_Sculpture/Snake_Statue_01_LP.uasset" 648
"H:/Game Dev/Unreal/Mod4/adventure-repository/GCAA/Content/Jess/Models/Snake_Sculpture/Snake_Head.uasset" 649
"H:/Game Dev/Unreal/Mod4/adventure-repository/GCAA/Content/Jess/Models/Room_02_Walls/S_Pillar.uasset" 650
"H:/Game Dev/Unreal/Mod4/adventure-repository/GCAA/Content/Jess/Models/Room_02_Walls/Room_02_wall_02.uasset" 651
"H:/Game Dev/Unreal/Mod4/adventure-repository/GCAA/Content/Jess/Models/Room_02_Walls/Room_02_wall_01.uasset" 652
"H:/Game Dev/Unreal/Mod4/adventure-repository/GCAA/Content/Jess/Texture_Maps/Tree/Tree_OcclusionRoughnessMetallic.uasset" 653
"H:/Game Dev/Unreal/Mod4/adventure-repository/GCAA/Content/Jess/Texture_Maps/Tree/Tree_Normal.uasset" 654
"H:/Game Dev/Unreal/Mod4/adventure-repository/GCAA/Content/Jess/Texture_Maps/Tree/Tree_Emissive.uasset" 655
"H:/Game Dev/Unreal/Mod4/adventure-repository/GCAA/Content/Jess/Texture_Maps/Tree/Tree_BaseColor.uasset" 656
"H:/Game Dev/Unreal/Mod4/adventure-repository/GCAA/Content/Jess/Materials/Tree/Tree_M.uasset" 657
"H:/Game Dev/Unreal/Mod4/adventure-repository/GCAA/Content/Jess/Texture_Maps/Tree_M.uasset" 658
"H:/Game Dev/Unreal/Mod4/adventure-repository/GCAA/Content/Jess/Models/Mushrooms/Flair_Mushroom_01_LP.uasset" 659
"H:/Game Dev/Unreal/Mod4/adventure-repository/GCAA/Content/Jess/Materials/Tree/Tree_M_Inst.uasset" 660
"H:/Game Dev/Unreal/Mod4/adventure-repository/GCAA/Content/Jess/Models/Mushrooms/Cup_Mushroom_01_LP.uasset" 661
"H:/Game Dev/Unreal/Mod4/adventure-repository/GCAA/Content/Jess/Models/GodRays/God_Ray_01.uasset" 662
"H:/Game Dev/Unreal/Mod4/adventure-repository/GCAA/Content/Jess/Texture_Maps/Lily_Pads/Foliage_For_Texture_water_lilly__water_lilly__foliage_OcclusionRoughnessMetallic.uasset" 663
"H:/Game Dev/Unreal/Mod4/adventure-repository/GCAA/Content/Jess/Texture_Maps/Lily_Pads/Foliage_For_Texture_water_lilly__water_lilly__foliage_Normal.uasset" 664
"H:/Game Dev/Unreal/Mod4/adventure-repository/GCAA/Content/Jess/Texture_Maps/Lily_Pads/Foliage_For_Texture_water_lilly__water_lilly__foliage_BaseColor.uasset" 665
"H:/Game Dev/Unreal/Mod4/adventure-repository/GCAA/Content/Jess/Materials/Foliage/Lily_Pads_Vines_M.uasset" 666
"H:/Game Dev/Unreal/Mod4/adventure-repository/GCAA/Content/Jess/Models/Foliage/Vine_05_LP.uasset" 667
"H:/Game Dev/Unreal/Mod4/adventure-repository/GCAA/Content/Jess/Models/Foliage/Vine_03_LP.uasset" 668
"H:/Game Dev/Unreal/Mod4/adventure-repository/GCAA/Content/Jess/Models/Foliage/Vine_02_LP.uasset" 669
"H:/Game Dev/Unreal/Mod4/adventure-repository/GCAA/Content/Jess/Models/Foliage/Vine_01_LP.uasset" 670
"H:/Game Dev/Unreal/Mod4/adventure-repository/GCAA/Content/Jess/Models/Foliage/Lily_Pad_02_LP.uasset" 671
"H:/Game Dev/Unreal/Mod4/adventure-repository/GCAA/Content/Jess/Models/Foliage/Lily_Pad_01_LP.uasset" 672
"H:/Game Dev/Unreal/Mod4/adventure-repository/GCAA/Content/Jess/Models/Foliage/Lily_Flower_02_LP.uasset" 673
"H:/Game Dev/Unreal/Mod4/adventure-repository/GCAA/Content/Assets/EnvironmentArt/Zac/TorchAndChest/Torch.uasset" 674
"H:/Game Dev/Unreal/Mod4/adventure-repository/GCAA/Content/Assets/EnvironmentArt/Zac/rockmuralanddoor/mural.uasset" 675
"H:/Game Dev/Unreal/Mod4/adventure-repository/GCAA/Content/Assets/EnvironmentArt/Zac/rockmuralanddoor/BuiltDoor.uasset" 676
"H:/Game Dev/Unreal/Mod4/adventure-repository/GCAA/Content/Assets/EnvironmentArt/Zac/Plants/plantlow_lambert2SG_OcclusionRoughnessMetallic.uasset" 677
"H:/Game Dev/Unreal/Mod4/adventure-repository/GCAA/Content/Assets/EnvironmentArt/Zac/Plants/plantlow_lambert2SG_Normal.uasset" 678
"H:/Game Dev/Unreal/Mod4/adventure-repository/GCAA/Content/Assets/EnvironmentArt/Zac/Plants/plantlow_lambert2SG_Colour.uasset" 679
"H:/Game Dev/Unreal/Mod4/adventure-repository/GCAA/Content/Assets/EnvironmentArt/Zac/Plants/plantlow_lambert2SG_Alpha.uasset" 680
"H:/Game Dev/Unreal/Mod4/adventure-repository/GCAA/Content/Assets/EnvironmentArt/Zac/Plants/GrassandPlant.uasset" 681
"H:/Game Dev/Unreal/Mod4/adventure-repository/GCAA/Content/Assets/EnvironmentArt/Zac/Plants/TallplantLow.uasset" 682
"H:/Game Dev/Unreal/Mod4/adventure-repository/GCAA/Content/Assets/EnvironmentArt/Zac/Plants/TallGrass3.uasset" 683
"H:/Game Dev/Unreal/Mod4/adventure-repository/GCAA/Content/Assets/EnvironmentArt/Zac/Plants/TallGrass2.uasset" 684
"H:/Game Dev/Unreal/Mod4/adventure-repository/GCAA/Content/Assets/EnvironmentArt/Zac/Plants/TallGrass1.uasset" 685
"H:/Game Dev/Unreal/Mod4/adventure-repository/GCAA/Content/Assets/EnvironmentArt/Zac/Plants/TallbushC.uasset" 686
"H:/Game Dev/Unreal/Mod4/adventure-repository/GCAA/Content/Assets/EnvironmentArt/Zac/Plants/TallBushB.uasset" 687
"H:/Game Dev/Unreal/Mod4/adventure-repository/GCAA/Content/Assets/EnvironmentArt/Zac/Plants/TallBushA.uasset" 688
"H:/Game Dev/Unreal/Mod4/adventure-repository/GCAA/Content/Assets/EnvironmentArt/Zac/Plants/SmallGrass6.uasset" 689
"H:/Game Dev/Unreal/Mod4/adventure-repository/GCAA/Content/Assets/EnvironmentArt/Zac/Plants/SmallGrass5.uasset" 690
"H:/Game Dev/Unreal/Mod4/adventure-repository/GCAA/Content/Assets/EnvironmentArt/Zac/Plants/SmallGrass4.uasset" 691
"H:/Game Dev/Unreal/Mod4/adventure-repository/GCAA/Content/Assets/EnvironmentArt/Zac/Plants/SmallGrass3.uasset" 692
"H:/Game Dev/Unreal/Mod4/adventure-repository/GCAA/Content/Assets/EnvironmentArt/Zac/Plants/SmallGrass2.uasset" 693
"H:/Game Dev/Unreal/Mod4/adventure-repository/GCAA/Content/Assets/EnvironmentArt/Zac/Plants/SmallGrass1.uasset" 694
"H:/Game Dev/Unreal/Mod4/adventure-repository/GCAA/Content/Assets/EnvironmentArt/Zac/Plants/SmallBushF.uasset" 695
"H:/Game Dev/Unreal/Mod4/adventure-repository/GCAA/Content/Assets/EnvironmentArt/Zac/Plants/SmallbushE.uasset" 696
"H:/Game Dev/Unreal/Mod4/adventure-repository/GCAA/Content/Assets/EnvironmentArt/Zac/Plants/SmallBushD.uasset" 697
"H:/Game Dev/Unreal/Mod4/adventure-repository/GCAA/Content/Assets/EnvironmentArt/Zac/Plants/SmallBushC.uasset" 698
"H:/Game Dev/Unreal/Mod4/adventure-repository/GCAA/Content/Assets/EnvironmentArt/Zac/Plants/SmallBushB.uasset" 699
"H:/Game Dev/Unreal/Mod4/adventure-repository/GCAA/Content/Assets/EnvironmentArt/Zac/Plants/SmallbushA.uasset" 700
"H:/Game Dev/Unreal/Mod4/adventure-repository/GCAA/Content/Maps/Level_Designer/Iteration2Meshes/Environment/5mx3mx200mm_Floor_Tile.uasset" 701
"H:/Game Dev/Unreal/Mod4/adventure-repository/GCAA/Content/Assets/EnvironmentArt/Zac/PillarKit/PkBase.uasset" 702
"H:/Game Dev/Unreal/Mod4/adventure-repository/GCAA/Content/Blueprints/BP_PushableBlock2.uasset" 703
"../../../Engine/Content/BasicShapes/Cube.uasset" 704
"H:/Game Dev/Unreal/Mod4/adventure-repository/GCAA/Content/LevelSequence/Alter.uasset" 705
"H:/Game Dev/Unreal/Mod4/adventure-repository/GCAA/Content/Blueprints/PressurePlateCurve.uasset" 706
"H:/Game Dev/Unreal/Mod4/adventure-repository/GCAA/Content/Blueprints/BP_PressurePlate.uasset" 707
"H:/Game Dev/Unreal/Mod4/adventure-repository/GCAA/Content/Blueprints/BP_NonStopMovingPlatform.uasset" 708
"H:/Game Dev/Unreal/Mod4/adventure-repository/GCAA/Content/Material/Blue_Key.uasset" 709
"../../../Engine/Content/BasicShapes/Cone.uasset" 710
"H:/Game Dev/Unreal/Mod4/adventure-repository/GCAA/Content/Blueprints/BP_JournalEntry.uasset" 711
"H:/Game Dev/Unreal/Mod4/adventure-repository/GCAA/Content/Blueprints/BP_InvisibleTriggerBox.uasset" 712
"H:/Game Dev/Unreal/Mod4/adventure-repository/GCAA/Content/Assets/EnvironmentArt/Zac/TorchAndChest/ChestTopLow.uasset" 713
"H:/Game Dev/Unreal/Mod4/adventure-repository/GCAA/Content/Assets/EnvironmentArt/Zac/TorchAndChest/chestbotlow.uasset" 714
"H:/Game Dev/Unreal/Mod4/adventure-repository/GCAA/Content/Blueprints/DoorCurve.uasset" 715
"H:/Game Dev/Unreal/Mod4/adventure-repository/GCAA/Content/Blueprints/BP_Chest.uasset" 716
"../../../Engine/Content/BasicShapes/Plane.uasset" 717
"H:/Game Dev/Unreal/Mod4/adventure-repository/GCAA/Content/NPC/BPSpawnerTrigger.uasset" 718
"H:/Game Dev/Unreal/Mod4/adventure-repository/GCAA/Content/NPC/PatrolPathBP.uasset" 719
"H:/Game Dev/Unreal/Mod4/adventure-repository/GCAA/Content/Sounds/ErosionEnemy/InitiateLaser.uasset" 720
"H:/Game Dev/Unreal/Mod4/adventure-repository/GCAA/Content/Sounds/Erosion/Sniper_attack.uasset" 721
"H:/Game Dev/Unreal/Mod4/adventure-repository/GCAA/Content/Material/M_Sniper_Laser.uasset" 722
"H:/Game Dev/Unreal/Mod4/adventure-repository/GCAA/Content/Particles/P_SniperLaserBullet.uasset" 723
"H:/Game Dev/Unreal/Mod4/adventure-repository/GCAA/Content/Mannequin/Character_Laura/Enemy/Erosion/ErosionTextures_OcclusionRoughnessMetallic.uasset" 724
"H:/Game Dev/Unreal/Mod4/adventure-repository/GCAA/Content/Mannequin/Character_Laura/Enemy/Erosion/ErosionTextures_Normal_DirectX.uasset" 725
"H:/Game Dev/Unreal/Mod4/adventure-repository/GCAA/Content/Mannequin/Character_Laura/Enemy/Erosion/ErosionTextures_Height.uasset" 726
"H:/Game Dev/Unreal/Mod4/adventure-repository/GCAA/Content/Mannequin/Character_Laura/Enemy/Erosion/ErosionTextures_Base_Color.uasset" 727
"H:/Game Dev/Unreal/Mod4/adventure-repository/GCAA/Content/Mannequin/Character_Laura/Enemy/Erosion/lambert59.uasset" 728
"H:/Game Dev/Unreal/Mod4/adventure-repository/GCAA/Content/Mannequin/Character_Laura/Enemy/Erosion/Erosion_Low02.uasset" 729
"H:/Game Dev/Unreal/Mod4/adventure-repository/GCAA/Content/NPC/MyBaseNpcControllerBP.uasset" 730
"../../../Engine/Content/Functions/Engine_MaterialFunctions01/Gradient/RadialGradient.uasset" 731
"H:/Game Dev/Unreal/Mod4/adventure-repository/GCAA/Content/StarterContent/Particles/Materials/M_radial_ramp.uasset" 732
"H:/Game Dev/Unreal/Mod4/adventure-repository/GCAA/Content/StarterContent/Particles/Materials/m_flare_01.uasset" 733
"H:/Game Dev/Unreal/Mod4/adventure-repository/GCAA/Content/StarterContent/Textures/T_Explosion_SubUV.uasset" 734
"H:/Game Dev/Unreal/Mod4/adventure-repository/GCAA/Content/StarterContent/Particles/Materials/M_explosion_subUV.uasset" 735
"H:/Game Dev/Unreal/Mod4/adventure-repository/GCAA/Content/StarterContent/Textures/T_Burst_M.uasset" 736
"H:/Game Dev/Unreal/Mod4/adventure-repository/GCAA/Content/StarterContent/Particles/Materials/M_Burst.uasset" 737
"H:/Game Dev/Unreal/Mod4/adventure-repository/GCAA/Content/StarterContent/Textures/T_Smoke_Tiled_D.uasset" 738
"H:/Game Dev/Unreal/Mod4/adventure-repository/GCAA/Content/StarterContent/Textures/T_Smoke_SubUV.uasset" 739
"H:/Game Dev/Unreal/Mod4/adventure-repository/GCAA/Content/StarterContent/Particles/Materials/M_smoke_subUV.uasset" 740
"H:/Game Dev/Unreal/Mod4/adventure-repository/GCAA/Content/StarterContent/Particles/P_Explosion.uasset" 741
"H:/Game Dev/Unreal/Mod4/adventure-repository/GCAA/Content/Sounds/Erosion/Missile_attack_launch.uasset" 742
"H:/Game Dev/Unreal/Mod4/adventure-repository/GCAA/Content/Sounds/Erosion/Missile_Collision_Attenuation.uasset" 743
"H:/Game Dev/Unreal/Mod4/adventure-repository/GCAA/Content/Sounds/Erosion/Missile_attack_collision.uasset" 744
"../../../Engine/Content/EngineResources/Black.uasset" 745
"H:/Game Dev/Unreal/Mod4/adventure-repository/GCAA/Content/Particles/InfinityBladeEffects/Effects/Masters/M_Add_Sprite_SubUV_Master.uasset" 746
"H:/Game Dev/Unreal/Mod4/adventure-repository/GCAA/Content/Particles/InfinityBladeEffects/Effects/FX_Textures/Smoke/T_SmokeBall_01_8_8.uasset" 747
"H:/Game Dev/Unreal/Mod4/adventure-repository/GCAA/Content/Particles/InfinityBladeEffects/Effects/FX_Materials/Smoke/M_Smoke_01_8X8_INST.uasset" 748
"H:/Game Dev/Unreal/Mod4/adventure-repository/GCAA/Content/Particles/InfinityBladeEffects/Effects/FX_Ambient/Fog/P_SmokePuff.uasset" 749
"../../../Engine/Content/VREditor/BasicMeshes/T_CleanFloorGrunge_01_D.uasset" 750
"../../../Engine/Content/VREditor/BasicMeshes/M_Floor_01.uasset" 751
"../../../Engine/Content/VREditor/BasicMeshes/MI_Ball_01.uasset" 752
"../../../Engine/Content/VREditor/BasicMeshes/SM_Ball_01.uasset" 753
"H:/Game Dev/Unreal/Mod4/adventure-repository/GCAA/Content/Blueprints/BP_MyAIMissile.uasset" 754
"H:/Game Dev/Unreal/Mod4/adventure-repository/GCAA/Content/NPC/NPC_BB.uasset" 755
"H:/Game Dev/Unreal/Mod4/adventure-repository/GCAA/Content/NPC/Erosion_BT.uasset" 756
"H:/Game Dev/Unreal/Mod4/adventure-repository/GCAA/Content/NPC/Animation/UE4_PunchAttack.uasset" 757
"H:/Game Dev/Unreal/Mod4/adventure-repository/GCAA/Content/NPC/Animation/UE4_PunchAttack_Montage.uasset" 758
"H:/Game Dev/Unreal/Mod4/adventure-repository/GCAA/Content/Particles/FXVarietyPack/Materials/M_ky_waterDust02.uasset" 759
"H:/Game Dev/Unreal/Mod4/adventure-repository/GCAA/Content/Particles/FXVarietyPack/Materials/MI_ky_smoke01c.uasset" 760
"H:/Game Dev/Unreal/Mod4/adventure-repository/GCAA/Content/Particles/FXVarietyPack/Particles/P_ky_waterBallHit.uasset" 761
"H:/Game Dev/Unreal/Mod4/adventure-repository/GCAA/Content/Blueprints/BP_AIBullet.uasset" 762
"H:/Game Dev/Unreal/Mod4/adventure-repository/GCAA/Content/Blueprints/BP_ErosionEnemy.uasset" 763
"H:/Game Dev/Unreal/Mod4/adventure-repository/GCAA/Content/Sounds/Mantle/Attack.uasset" 764
"H:/Game Dev/Unreal/Mod4/adventure-repository/GCAA/Content/NPC/MantleController.uasset" 765
"H:/Game Dev/Unreal/Mod4/adventure-repository/GCAA/Content/Geometry/Meshes/Shape_Sphere.uasset" 766
"H:/Game Dev/Unreal/Mod4/adventure-repository/GCAA/Content/NPC/BP_MantleBullet.uasset" 767
"H:/Game Dev/Unreal/Mod4/adventure-repository/GCAA/Content/NPC/FindHidingSpot.uasset" 768
"H:/Game Dev/Unreal/Mod4/adventure-repository/GCAA/Content/NPC/FindAllyLocation.uasset" 769
"H:/Game Dev/Unreal/Mod4/adventure-repository/GCAA/Content/NPC/MantleBt.uasset" 770
"H:/Game Dev/Unreal/Mod4/adventure-repository/GCAA/Content/Mannequin/Character_Laura/Enemy/Defender/Defender_BaseColour.uasset" 771
"H:/Game Dev/Unreal/Mod4/adventure-repository/GCAA/Content/Mannequin/Character_Laura/Enemy/Defender/DefenderTextures.uasset" 772
"H:/Game Dev/Unreal/Mod4/adventure-repository/GCAA/Content/Mannequin/Character_Laura/Enemy/Defender/DefenderEnemy_001.uasset" 773
"H:/Game Dev/Unreal/Mod4/adventure-repository/GCAA/Content/NPC/BPMantle.uasset" 774
"H:/Game Dev/Unreal/Mod4/adventure-repository/GCAA/Content/LevelSequence/CombatDoor.uasset" 775
"H:/Game Dev/Unreal/Mod4/adventure-repository/GCAA/Content/NPC/BPNpcSpawner.uasset" 776
"../../../Engine/Content/EngineSky/T_Sky_Stars.uasset" 777
"../../../Engine/Content/EngineSky/T_Sky_Clouds_M.uasset" 778
"../../../Engine/Content/EngineSky/T_Sky_Blue.uasset" 779
"../../../Engine/Content/EngineSky/M_Sky_Panning_Clouds2.uasset" 780
"H:/Game Dev/Unreal/Mod4/adventure-repository/GCAA/Content/Blueprints/MovingPlatformYawCurve.uasset" 781
"../../../Engine/Content/EngineSky/SM_SkySphere.uasset" 782
"../../../Engine/Content/EngineSky/C_Sky_Zenith_Color.uasset" 783
"../../../Engine/Content/EngineSky/C_Sky_Horizon_Color.uasset" 784
"../../../Engine/Content/EngineSky/C_Sky_Cloud_Color.uasset" 785
"../../../Engine/Content/EngineSky/BP_Sky_Sphere.uasset" 786
"H:/Game Dev/Unreal/Mod4/adventure-repository/GCAA/Content/Sounds/Player/Movement/Stone_Door_Slide_Open.uasset" 787
"H:/Game Dev/Unreal/Mod4/adventure-repository/GCAA/Content/Blueprints/BP_Door.uasset" 788
"H:/Game Dev/Unreal/Mod4/adventure-repository/GCAA/Content/Blueprints/BP_DoorButton.uasset" 789
"H:/Game Dev/Unreal/Mod4/adventure-repository/GCAA/Content/Geometry/Meshes/negro.uasset" 790
"H:/Game Dev/Unreal/Mod4/adventure-repository/GCAA/Content/Geometry/Meshes/key.uasset" 791
"H:/Game Dev/Unreal/Mod4/adventure-repository/GCAA/Content/Sounds/Player/Movement/Collectible.uasset" 792
"H:/Game Dev/Unreal/Mod4/adventure-repository/GCAA/Content/Blueprints/BP_Key.uasset" 793
"H:/Game Dev/Unreal/Mod4/adventure-repository/GCAA/Content/Blueprints/BP_MovingPlatform.uasset" 794
"H:/Game Dev/Unreal/Mod4/adventure-repository/GCAA/Content/Maps/Level_Designer/Jess_Level_09.umap" 795
